TN:
SF:C:\mingw64\winlibs-x86_64-posix-seh-gcc-15.2.0-mingw-w64ucrt-14.0.0-r7\mingw64\include\c++\15.2.0\bits\predefined_ops.h
FN:97,_ZNK9__gnu_cxx5__ops14_Val_less_iterclIKiNS_17__normal_iteratorIPiSt6vectorIiSaIiEEEEEEbRT_T0_
FNDA:0,_ZNK9__gnu_cxx5__ops14_Val_less_iterclIKiNS_17__normal_iteratorIPiSt6vectorIiSaIiEEEEEEbRT_T0_
FN:103,_ZN9__gnu_cxx5__ops15__val_less_iterEv
FNDA:0,_ZN9__gnu_cxx5__ops15__val_less_iterEv
FN:262,_ZN9__gnu_cxx5__ops16_Iter_equals_valIKiEC1ERS2_
FNDA:15,_ZN9__gnu_cxx5__ops16_Iter_equals_valIKiEC1ERS2_
FN:269,_ZN9__gnu_cxx5__ops16_Iter_equals_valIKiEclINS_17__normal_iteratorIPS2_St6vectorIiSaIiEEEEEEbT_
FNDA:14,_ZN9__gnu_cxx5__ops16_Iter_equals_valIKiEclINS_17__normal_iteratorIPS2_St6vectorIiSaIiEEEEEEbT_
FN:276,_ZN9__gnu_cxx5__ops17__iter_equals_valIKiEENS0_16_Iter_equals_valIT_EERS4_
FNDA:15,_ZN9__gnu_cxx5__ops17__iter_equals_valIKiEENS0_16_Iter_equals_valIT_EERS4_
DA:97,0
DA:98,0
DA:103,0
DA:104,0
DA:262,15
DA:263,15
DA:264,15
DA:269,14
DA:270,14
DA:276,15
DA:277,15
end_of_record
SF:C:\mingw64\winlibs-x86_64-posix-seh-gcc-15.2.0-mingw-w64ucrt-14.0.0-r7\mingw64\include\c++\15.2.0\ext\alloc_traits.h
DA:100,35
end_of_record
SF:C:\mingw64\winlibs-x86_64-posix-seh-gcc-15.2.0-mingw-w64ucrt-14.0.0-r7\mingw64\include\c++\15.2.0\bits\basic_string.h
FN:140,_ZNSt7__cxx1112basic_stringIcSt11char_traitsIcESaIcEE11_S_allocateERS3_y
FNDA:663,_ZNSt7__cxx1112basic_stringIcSt11char_traitsIcESaIcEE11_S_allocateERS3_y
FN:204,_ZNSt7__cxx1112basic_stringIcSt11char_traitsIcESaIcEE12_Alloc_hiderC1EPcRKS3_
FNDA:809,_ZNSt7__cxx1112basic_stringIcSt11char_traitsIcESaIcEE12_Alloc_hiderC1EPcRKS3_
FN:208,_ZNSt7__cxx1112basic_stringIcSt11char_traitsIcESaIcEE12_Alloc_hiderC1EPcOS3_
FNDA:1283,_ZNSt7__cxx1112basic_stringIcSt11char_traitsIcESaIcEE12_Alloc_hiderC1EPcOS3_
FN:228,_ZNSt7__cxx1112basic_stringIcSt11char_traitsIcESaIcEE7_M_dataEPc
FNDA:1640,_ZNSt7__cxx1112basic_stringIcSt11char_traitsIcESaIcEE7_M_dataEPc
FN:233,_ZNSt7__cxx1112basic_stringIcSt11char_traitsIcESaIcEE9_M_lengthEy
FNDA:12893,_ZNSt7__cxx1112basic_stringIcSt11char_traitsIcESaIcEE9_M_lengthEy
FN:238,_ZNKSt7__cxx1112basic_stringIcSt11char_traitsIcESaIcEE7_M_dataEv
FNDA:45645,_ZNKSt7__cxx1112basic_stringIcSt11char_traitsIcESaIcEE7_M_dataEv
FN:243,_ZNSt7__cxx1112basic_stringIcSt11char_traitsIcESaIcEE13_M_local_dataEv
FNDA:2742,_ZNSt7__cxx1112basic_stringIcSt11char_traitsIcESaIcEE13_M_local_dataEv
FN:254,_ZNKSt7__cxx1112basic_stringIcSt11char_traitsIcESaIcEE13_M_local_dataEv
FNDA:14150,_ZNKSt7__cxx1112basic_stringIcSt11char_traitsIcESaIcEE13_M_local_dataEv
FN:265,_ZNSt7__cxx1112basic_stringIcSt11char_traitsIcESaIcEE11_M_capacityEy
FNDA:990,_ZNSt7__cxx1112basic_stringIcSt11char_traitsIcESaIcEE11_M_capacityEy
FN:270,_ZNSt7__cxx1112basic_stringIcSt11char_traitsIcESaIcEE13_M_set_lengthEy
FNDA:12134,_ZNSt7__cxx1112basic_stringIcSt11char_traitsIcESaIcEE13_M_set_lengthEy
FN:278,_ZNKSt7__cxx1112basic_stringIcSt11char_traitsIcESaIcEE11_M_is_localEv
FNDA:14150,_ZNKSt7__cxx1112basic_stringIcSt11char_traitsIcESaIcEE11_M_is_localEv
FN:296,_ZNSt7__cxx1112basic_stringIcSt11char_traitsIcESaIcEE10_M_disposeEv
FNDA:2789,_ZNSt7__cxx1112basic_stringIcSt11char_traitsIcESaIcEE10_M_disposeEv
FN:304,_ZNSt7__cxx1112basic_stringIcSt11char_traitsIcESaIcEE10_M_destroyEy
FNDA:795,_ZNSt7__cxx1112basic_stringIcSt11char_traitsIcESaIcEE10_M_destroyEy
FN:359,_ZNSt7__cxx1112basic_stringIcSt11char_traitsIcESaIcEE16_M_get_allocatorEv
FNDA:2117,_ZNSt7__cxx1112basic_stringIcSt11char_traitsIcESaIcEE16_M_get_allocatorEv
FN:364,_ZNKSt7__cxx1112basic_stringIcSt11char_traitsIcESaIcEE16_M_get_allocatorEv
FNDA:31893,_ZNKSt7__cxx1112basic_stringIcSt11char_traitsIcESaIcEE16_M_get_allocatorEv
FN:420,_ZNKSt7__cxx1112basic_stringIcSt11char_traitsIcESaIcEE15_M_check_lengthEyyPKc
FNDA:356,_ZNKSt7__cxx1112basic_stringIcSt11char_traitsIcESaIcEE15_M_check_lengthEyyPKc
FN:448,_ZNSt7__cxx1112basic_stringIcSt11char_traitsIcESaIcEE7_S_copyEPcPKcy
FNDA:1758,_ZNSt7__cxx1112basic_stringIcSt11char_traitsIcESaIcEE7_S_copyEPcPKcy
FN:483,_ZNSt7__cxx1112basic_stringIcSt11char_traitsIcESaIcEE13_S_copy_charsIPKcEEvPcT_S9_
FNDA:799,_ZNSt7__cxx1112basic_stringIcSt11char_traitsIcESaIcEE13_S_copy_charsIPKcEEvPcT_S9_
FN:585,_ZNSt7__cxx1112basic_stringIcSt11char_traitsIcESaIcEEC1Ev
FNDA:489,_ZNSt7__cxx1112basic_stringIcSt11char_traitsIcESaIcEEC1Ev
FN:601,_ZNSt7__cxx1112basic_stringIcSt11char_traitsIcESaIcEEC1ERKS3_
FNDA:35,_ZNSt7__cxx1112basic_stringIcSt11char_traitsIcESaIcEEC1ERKS3_
FN:706,_ZNSt7__cxx1112basic_stringIcSt11char_traitsIcESaIcEEC1IS3_EEPKcRKS3_
FNDA:743,_ZNSt7__cxx1112basic_stringIcSt11char_traitsIcESaIcEEC1IS3_EEPKcRKS3_
FN:742,_ZNSt7__cxx1112basic_stringIcSt11char_traitsIcESaIcEEC1EOS4_
FNDA:641,_ZNSt7__cxx1112basic_stringIcSt11char_traitsIcESaIcEEC1EOS4_
FN:895,_ZNSt7__cxx1112basic_stringIcSt11char_traitsIcESaIcEED1Ev
FNDA:2313,_ZNSt7__cxx1112basic_stringIcSt11char_traitsIcESaIcEED1Ev
FN:1163,_ZNKSt7__cxx1112basic_stringIcSt11char_traitsIcESaIcEE4sizeEv
FNDA:19886,_ZNKSt7__cxx1112basic_stringIcSt11char_traitsIcESaIcEE4sizeEv
FN:1175,_ZNKSt7__cxx1112basic_stringIcSt11char_traitsIcESaIcEE6lengthEv
FNDA:5433,_ZNKSt7__cxx1112basic_stringIcSt11char_traitsIcESaIcEE6lengthEv
FN:1181,_ZNKSt7__cxx1112basic_stringIcSt11char_traitsIcESaIcEE8max_sizeEv
FNDA:31749,_ZNKSt7__cxx1112basic_stringIcSt11char_traitsIcESaIcEE8max_sizeEv
FN:1277,_ZNKSt7__cxx1112basic_stringIcSt11char_traitsIcESaIcEE8capacityEv
FNDA:10693,_ZNKSt7__cxx1112basic_stringIcSt11char_traitsIcESaIcEE8capacityEv
FN:1566,_ZNSt7__cxx1112basic_stringIcSt11char_traitsIcESaIcEE6appendEPKcy
FNDA:105,_ZNSt7__cxx1112basic_stringIcSt11char_traitsIcESaIcEE6appendEPKcy
FN:1580,_ZNSt7__cxx1112basic_stringIcSt11char_traitsIcESaIcEE6appendEPKc
FNDA:244,_ZNSt7__cxx1112basic_stringIcSt11char_traitsIcESaIcEE6appendEPKc
FN:2873,_ZNKSt7__cxx1112basic_stringIcSt11char_traitsIcESaIcEE5c_strEv
FNDA:4396,_ZNKSt7__cxx1112basic_stringIcSt11char_traitsIcESaIcEE5c_strEv
FN:2886,_ZNKSt7__cxx1112basic_stringIcSt11char_traitsIcESaIcEE4dataEv
FNDA:433,_ZNKSt7__cxx1112basic_stringIcSt11char_traitsIcESaIcEE4dataEv
FN:2907,_ZNKSt7__cxx1112basic_stringIcSt11char_traitsIcESaIcEE13get_allocatorEv
FNDA:35,_ZNKSt7__cxx1112basic_stringIcSt11char_traitsIcESaIcEE13get_allocatorEv
FN:3815,_ZSt12__str_concatINSt7__cxx1112basic_stringIcSt11char_traitsIcESaIcEEEET_PKNS6_10value_typeENS6_9size_typeES9_SA_RKNS6_14allocator_typeE
FNDA:35,_ZSt12__str_concatINSt7__cxx1112basic_stringIcSt11char_traitsIcESaIcEEEET_PKNS6_10value_typeENS6_9size_typeES9_SA_RKNS6_14allocator_typeE
FN:3858,_ZStplIcSt11char_traitsIcESaIcEENSt7__cxx1112basic_stringIT_T0_T1_EEPKS5_RKS8_
FNDA:0,_ZStplIcSt11char_traitsIcESaIcEENSt7__cxx1112basic_stringIT_T0_T1_EEPKS5_RKS8_
FN:4062,_ZSteqIcSt11char_traitsIcESaIcEEbRKNSt7__cxx1112basic_stringIT_T0_T1_EEPKS5_
FNDA:123,_ZSteqIcSt11char_traitsIcESaIcEEbRKNSt7__cxx1112basic_stringIT_T0_T1_EEPKS5_
FN:4109,_ZSteqIcSt11char_traitsIcESaIcEEbPKT_RKNSt7__cxx1112basic_stringIS3_T0_T1_EE
FNDA:2,_ZSteqIcSt11char_traitsIcESaIcEEbPKT_RKNSt7__cxx1112basic_stringIS3_T0_T1_EE
FN:4454,_ZNSt7__cxx114stoiERKNS_12basic_stringIcSt11char_traitsIcESaIcEEEPyi
FNDA:17,_ZNSt7__cxx114stoiERKNS_12basic_stringIcSt11char_traitsIcESaIcEEEPyi
FN:4530,_ZNSt7__cxx119to_stringEi
FNDA:17,_ZNSt7__cxx119to_stringEi
FN:4539,_ZZNSt7__cxx119to_stringEiENKUlPcyE_clES0_y
FNDA:17,_ZZNSt7__cxx119to_stringEiENKUlPcyE_clES0_y
DA:140,663
DA:142,663
DA:152,663
DA:204,809
DA:205,809
DA:208,1283
DA:209,1283
DA:228,1640
DA:229,1640
DA:233,12893
DA:234,12893
DA:238,45645
DA:239,45645
DA:243,2742
DA:246,2742
DA:254,14150
DA:257,14150
DA:265,990
DA:266,990
DA:270,12134
DA:272,12134
DA:273,12134
DA:274,12134
DA:278,14150
DA:280,14150
DA:282,3426
DA:283,0
DA:284,3426
DA:286,10724
DA:296,2789
DA:298,2789
DA:299,795
DA:300,2789
DA:304,795
DA:305,795
DA:359,2117
DA:360,2117
DA:364,31893
DA:365,31893
DA:378,1022
DA:388,641
DA:420,356
DA:422,356
DA:423,0
DA:424,356
DA:448,1758
DA:450,1758
DA:451,447
DA:453,1311
DA:454,1758
DA:483,799
DA:489,1598
DA:506,799
DA:585,489
DA:590,1467
DA:593,489
DA:594,489
DA:601,35
DA:602,35
DA:605,35
DA:606,35
DA:706,743
DA:707,743
DA:710,743
DA:711,0
DA:713,743
DA:714,743
DA:715,743
DA:742,641
DA:743,1282
DA:745,641
DA:748,323
DA:749,323
DA:753,318
DA:754,318
DA:760,641
DA:761,641
DA:762,641
DA:763,641
DA:895,2313
DA:896,2313
DA:1163,19886
DA:1165,19886
DA:1166,19886
DA:1167,0
DA:1168,19886
DA:1175,5433
DA:1176,5433
DA:1181,31749
DA:1183,31749
DA:1185,31749
DA:1186,31749
DA:1277,10693
DA:1279,10693
DA:1281,10693
DA:1282,0
DA:1283,10693
DA:1566,105
DA:1569,105
DA:1570,105
DA:1580,244
DA:1583,244
DA:1584,244
DA:1585,244
DA:2873,4396
DA:2874,4396
DA:2886,433
DA:2887,433
DA:2907,35
DA:2908,70
DA:3815,35
DA:3823,35
DA:3824,35
DA:3825,35
DA:3826,35
DA:3827,35
DA:3828,0
DA:3858,0
DA:3865,0
DA:4062,123
DA:4065,123
DA:4066,123
DA:4109,2
DA:4111,2
DA:4454,17
DA:4455,17
DA:4456,17
DA:4530,17
DA:4535,17
DA:4536,17
DA:4537,17
DA:4538,17
DA:4539,17
DA:4540,17
DA:4541,17
DA:4542,17
DA:4544,17
end_of_record
SF:C:\DEV\TDD_TV_05\include\Tuner.h
FN:19,_ZN5TunerD2Ev
FNDA:5,_ZN5TunerD2Ev
DA:19,5
end_of_record
SF:C:\mingw64\winlibs-x86_64-posix-seh-gcc-15.2.0-mingw-w64ucrt-14.0.0-r7\mingw64\include\c++\15.2.0\x86_64-w64-mingw32\bits\c++config.h
DA:589,1321
end_of_record
SF:C:\mingw64\winlibs-x86_64-posix-seh-gcc-15.2.0-mingw-w64ucrt-14.0.0-r7\mingw64\include\c++\15.2.0\bits\stl_vector.h
FN:105,_ZNSt12_Vector_baseIiSaIiEE17_Vector_impl_dataC2Ev
FNDA:24,_ZNSt12_Vector_baseIiSaIiEE17_Vector_impl_dataC2Ev
FN:111,_ZNSt12_Vector_baseIiSaIiEE17_Vector_impl_dataC2EOS2_
FNDA:10,_ZNSt12_Vector_baseIiSaIiEE17_Vector_impl_dataC2EOS2_
FN:143,_ZNSt12_Vector_baseIiSaIiEE12_Vector_implC1Ev
FNDA:19,_ZNSt12_Vector_baseIiSaIiEE12_Vector_implC1Ev
FN:152,_ZNSt12_Vector_baseIiSaIiEE12_Vector_implC1ERKS0_
FNDA:5,_ZNSt12_Vector_baseIiSaIiEE12_Vector_implC1ERKS0_
FN:160,_ZNSt12_Vector_baseIiSaIiEE12_Vector_implC1EOS2_
FNDA:10,_ZNSt12_Vector_baseIiSaIiEE12_Vector_implC1EOS2_
FN:307,_ZNSt12_Vector_baseIiSaIiEE19_M_get_Tp_allocatorEv
FNDA:72,_ZNSt12_Vector_baseIiSaIiEE19_M_get_Tp_allocatorEv
FN:321,_ZNSt12_Vector_baseIiSaIiEEC2Ev
FNDA:19,_ZNSt12_Vector_baseIiSaIiEEC2Ev
FN:327,_ZNSt12_Vector_baseIiSaIiEEC2ERKS0_
FNDA:5,_ZNSt12_Vector_baseIiSaIiEEC2ERKS0_
FN:344,_ZNSt12_Vector_baseIiSaIiEEC2EOS1_
FNDA:10,_ZNSt12_Vector_baseIiSaIiEEC2EOS1_
FN:373,_ZNSt12_Vector_baseIiSaIiEED2Ev
FNDA:20,_ZNSt12_Vector_baseIiSaIiEED2Ev
FN:384,_ZNSt12_Vector_baseIiSaIiEE11_M_allocateEy
FNDA:45,_ZNSt12_Vector_baseIiSaIiEE11_M_allocateEy
FN:392,_ZNSt12_Vector_baseIiSaIiEE13_M_deallocateEPiy
FNDA:43,_ZNSt12_Vector_baseIiSaIiEE13_M_deallocateEPiy
FN:561,_ZNSt6vectorIiSaIiEEC1Ev
FNDA:19,_ZNSt6vectorIiSaIiEEC1Ev
FN:650,_ZNSt6vectorIiSaIiEEC1EOS1_
FNDA:10,_ZNSt6vectorIiSaIiEEC1EOS1_
FN:708,_ZNSt6vectorIiSaIiEEC1ESt16initializer_listIiERKS0_
FNDA:5,_ZNSt6vectorIiSaIiEEC1ESt16initializer_listIiERKS0_
FN:800,_ZNSt6vectorIiSaIiEED1Ev
FNDA:20,_ZNSt6vectorIiSaIiEED1Ev
FN:998,_ZNSt6vectorIiSaIiEE5beginEv
FNDA:50,_ZNSt6vectorIiSaIiEE5beginEv
FN:1008,_ZNKSt6vectorIiSaIiEE5beginEv
FNDA:55,_ZNKSt6vectorIiSaIiEE5beginEv
FN:1018,_ZNSt6vectorIiSaIiEE3endEv
FNDA:96,_ZNSt6vectorIiSaIiEE3endEv
FN:1028,_ZNKSt6vectorIiSaIiEE3endEv
FNDA:68,_ZNKSt6vectorIiSaIiEE3endEv
FN:1117,_ZNKSt6vectorIiSaIiEE4sizeEv
FNDA:363,_ZNKSt6vectorIiSaIiEE4sizeEv
FN:1981,_ZNSt6vectorIiSaIiEE21_M_range_initialize_nIPKiS4_EEvT_T0_y
FNDA:5,_ZNSt6vectorIiSaIiEE21_M_range_initialize_nIPKiS4_EEvT_T0_y
FN:2208,_ZNSt6vectorIiSaIiEE17_S_check_init_lenEyRKS0_
FNDA:5,_ZNSt6vectorIiSaIiEE17_S_check_init_lenEyRKS0_
FN:2217,_ZNSt6vectorIiSaIiEE11_S_max_sizeERKS0_
FNDA:85,_ZNSt6vectorIiSaIiEE11_S_max_sizeERKS0_
DA:105,24
DA:106,24
DA:107,24
DA:111,10
DA:112,10
DA:113,10
DA:114,10
DA:143,19
DA:148,19
DA:149,19
DA:152,5
DA:153,5
DA:154,5
DA:160,10
DA:161,30
DA:162,10
DA:307,72
DA:308,72
DA:321,19
DA:327,5
DA:328,5
DA:344,10
DA:373,20
DA:375,20
DA:376,20
DA:377,20
DA:384,45
DA:387,90
DA:392,43
DA:395,43
DA:396,31
DA:397,43
DA:561,19
DA:650,10
DA:708,5
DA:710,5
DA:712,5
DA:713,5
DA:800,20
DA:802,20
DA:803,20
DA:805,20
DA:998,50
DA:999,50
DA:1008,55
DA:1009,55
DA:1018,96
DA:1019,96
DA:1028,68
DA:1029,68
DA:1117,363
DA:1119,363
DA:1120,363
DA:1121,0
DA:1122,363
DA:1981,5
DA:1985,5
DA:1986,5
DA:1987,5
DA:1989,5
DA:1990,5
DA:1991,5
DA:2208,5
DA:2210,5
DA:2211,0
DA:2213,5
DA:2217,85
DA:2222,85
DA:2224,85
DA:2225,85
end_of_record
SF:C:\mingw64\winlibs-x86_64-posix-seh-gcc-15.2.0-mingw-w64ucrt-14.0.0-r7\mingw64\include\c++\15.2.0\bits\stl_iterator_base_funcs.h
FN:186,_ZSt9__advanceIN9__gnu_cxx17__normal_iteratorIPiSt6vectorIiSaIiEEEExEvRT_T0_St26random_access_iterator_tag
FNDA:0,_ZSt9__advanceIN9__gnu_cxx17__normal_iteratorIPiSt6vectorIiSaIiEEEExEvRT_T0_St26random_access_iterator_tag
DA:108,0
DA:153,1598
DA:154,1598
DA:186,0
DA:198,0
DA:225,0
DA:226,0
DA:227,0
end_of_record
SF:C:\DEV\TDD_TV_05\build\_deps\googletest-src\googletest\include\gtest\gtest-assertion-result.h
FN:174,_ZNK7testing15AssertionResultcvbEv
FNDA:8,_ZNK7testing15AssertionResultcvbEv
FN:183,_ZNK7testing15AssertionResult7messageEv
FNDA:0,_ZNK7testing15AssertionResult7messageEv
FN:187,_ZNK7testing15AssertionResult15failure_messageEv
FNDA:0,_ZNK7testing15AssertionResult15failure_messageEv
FN:191,_ZN7testing15AssertionResultlsIA5_cEERS0_RKT_
FNDA:0,_ZN7testing15AssertionResultlsIA5_cEERS0_RKT_
FN:191,_ZN7testing15AssertionResultlsINSt7__cxx1112basic_stringIcSt11char_traitsIcESaIcEEEEERS0_RKT_
FNDA:0,_ZN7testing15AssertionResultlsINSt7__cxx1112basic_stringIcSt11char_traitsIcESaIcEEEEERS0_RKT_
FN:191,_ZN7testing15AssertionResultlsIA3_cEERS0_RKT_
FNDA:0,_ZN7testing15AssertionResultlsIA3_cEERS0_RKT_
FN:191,_ZN7testing15AssertionResultlsIPKcEERS0_RKT_
FNDA:0,_ZN7testing15AssertionResultlsIPKcEERS0_RKT_
FN:191,_ZN7testing15AssertionResultlsIA12_cEERS0_RKT_
FNDA:0,_ZN7testing15AssertionResultlsIA12_cEERS0_RKT_
FN:206,_ZN7testing15AssertionResult13AppendMessageERKNS_7MessageE
FNDA:0,_ZN7testing15AssertionResult13AppendMessageERKNS_7MessageE
DA:174,8
DA:183,0
DA:184,0
DA:187,0
DA:191,0
DA:192,0
DA:193,0
DA:191,0
DA:192,0
DA:193,0
DA:191,0
DA:192,0
DA:193,0
DA:191,0
DA:192,0
DA:193,0
DA:191,0
DA:192,0
DA:193,0
DA:206,0
DA:207,0
DA:208,0
DA:209,0
end_of_record
SF:C:\mingw64\winlibs-x86_64-posix-seh-gcc-15.2.0-mingw-w64ucrt-14.0.0-r7\mingw64\include\c++\15.2.0\bits\stl_iterator_base_types.h
DA:242,799
end_of_record
SF:C:\mingw64\winlibs-x86_64-posix-seh-gcc-15.2.0-mingw-w64ucrt-14.0.0-r7\mingw64\include\c++\15.2.0\bits\charconv.h
FN:57,_ZNSt8__detail14__to_chars_lenIjEEjT_i
FNDA:17,_ZNSt8__detail14__to_chars_lenIjEEjT_i
FN:83,_ZNSt8__detail18__to_chars_10_implIjEEvPcjT_
FNDA:17,_ZNSt8__detail18__to_chars_10_implIjEEvPcjT_
DA:57,17
DA:63,17
DA:64,17
DA:65,17
DA:66,17
DA:69,17
DA:70,9
DA:71,0
DA:72,0
DA:73,0
DA:74,0
DA:83,17
DA:89,17
DA:95,17
DA:96,17
DA:98,0
DA:99,0
DA:100,0
DA:101,0
DA:102,0
DA:104,17
DA:106,9
DA:107,9
DA:108,9
DA:111,8
DA:112,17
end_of_record
SF:C:\mingw64\winlibs-x86_64-posix-seh-gcc-15.2.0-mingw-w64ucrt-14.0.0-r7\mingw64\include\c++\15.2.0\bits\stl_algobase.h
FN:234,_ZSt3minIyERKT_S2_S2_
FNDA:32107,_ZSt3minIyERKT_S2_S2_
FN:2092,_ZSt9__find_ifIN9__gnu_cxx17__normal_iteratorIPKiSt6vectorIiSaIiEEEENS0_5__ops16_Iter_equals_valIS2_EEET_SB_SB_T0_
FNDA:13,_ZSt9__find_ifIN9__gnu_cxx17__normal_iteratorIPKiSt6vectorIiSaIiEEEENS0_5__ops16_Iter_equals_valIS2_EEET_SB_SB_T0_
DA:234,32107
DA:239,32107
DA:240,0
DA:241,32107
DA:2092,13
DA:2095,34
DA:2097,13
end_of_record
SF:C:\mingw64\winlibs-x86_64-posix-seh-gcc-15.2.0-mingw-w64ucrt-14.0.0-r7\mingw64\include\c++\15.2.0\bits\basic_string.tcc
FN:143,_ZNSt7__cxx1112basic_stringIcSt11char_traitsIcESaIcEE9_M_createERyy
FNDA:663,_ZNSt7__cxx1112basic_stringIcSt11char_traitsIcESaIcEE9_M_createERyy
FN:227,_ZNSt7__cxx1112basic_stringIcSt11char_traitsIcESaIcEE12_M_constructIPKcEEvT_S8_St20forward_iterator_tag
FNDA:799,_ZNSt7__cxx1112basic_stringIcSt11char_traitsIcESaIcEE12_M_constructIPKcEEvT_S8_St20forward_iterator_tag
FN:245,_ZZNSt7__cxx1112basic_stringIcSt11char_traitsIcESaIcEE12_M_constructIPKcEEvT_S8_St20forward_iterator_tagEN6_GuardC1EPS4_
FNDA:799,_ZZNSt7__cxx1112basic_stringIcSt11char_traitsIcESaIcEE12_M_constructIPKcEEvT_S8_St20forward_iterator_tagEN6_GuardC1EPS4_
FN:248,_ZZNSt7__cxx1112basic_stringIcSt11char_traitsIcESaIcEE12_M_constructIPKcEEvT_S8_St20forward_iterator_tagEN6_GuardD1Ev
FNDA:799,_ZZNSt7__cxx1112basic_stringIcSt11char_traitsIcESaIcEE12_M_constructIPKcEEvT_S8_St20forward_iterator_tagEN6_GuardD1Ev
FN:335,_ZNSt7__cxx1112basic_stringIcSt11char_traitsIcESaIcEE7reserveEy
FNDA:478,_ZNSt7__cxx1112basic_stringIcSt11char_traitsIcESaIcEE7reserveEy
FN:356,_ZNSt7__cxx1112basic_stringIcSt11char_traitsIcESaIcEE9_M_mutateEyyPKcy
FNDA:109,_ZNSt7__cxx1112basic_stringIcSt11char_traitsIcESaIcEE9_M_mutateEyyPKcy
FN:444,_ZNSt7__cxx1112basic_stringIcSt11char_traitsIcESaIcEE9_M_appendEPKcy
FNDA:349,_ZNSt7__cxx1112basic_stringIcSt11char_traitsIcESaIcEE9_M_appendEPKcy
FN:614,_ZNSt7__cxx1112basic_stringIcSt11char_traitsIcESaIcEE22__resize_and_overwriteIZNS_9to_stringEiEUlPcyE_EEvyT_
FNDA:17,_ZNSt7__cxx1112basic_stringIcSt11char_traitsIcESaIcEE22__resize_and_overwriteIZNS_9to_stringEiEUlPcyE_EEvyT_
FN:628,_ZZNSt7__cxx1112basic_stringIcSt11char_traitsIcESaIcEE22__resize_and_overwriteIZNS_9to_stringEiEUlPcyE_EEvyT_EN11_TerminatorD1Ev
FNDA:17,_ZZNSt7__cxx1112basic_stringIcSt11char_traitsIcESaIcEE22__resize_and_overwriteIZNS_9to_stringEiEUlPcyE_EEvyT_EN11_TerminatorD1Ev
DA:143,663
DA:148,663
DA:149,0
DA:154,663
DA:156,151
DA:158,151
DA:159,0
DA:164,663
DA:227,799
DA:231,799
DA:233,799
DA:235,135
DA:236,135
DA:245,799
DA:248,799
DA:251,799
DA:253,799
DA:255,799
DA:257,799
DA:258,799
DA:335,478
DA:338,478
DA:343,478
DA:344,123
DA:346,355
DA:347,355
DA:348,355
DA:349,355
DA:350,355
DA:356,109
DA:360,109
DA:362,109
DA:363,109
DA:365,109
DA:366,102
DA:367,109
DA:368,109
DA:369,109
DA:370,0
DA:371,0
DA:373,109
DA:374,109
DA:375,109
DA:376,109
DA:444,349
DA:447,349
DA:449,349
DA:451,247
DA:452,247
DA:455,102
DA:457,349
DA:458,349
DA:614,17
DA:621,17
DA:622,17
DA:628,17
DA:632,17
DA:633,17
DA:641,17
DA:642,17
DA:643,0
DA:644,17
end_of_record
SF:C:\mingw64\winlibs-x86_64-posix-seh-gcc-15.2.0-mingw-w64ucrt-14.0.0-r7\mingw64\include\c++\15.2.0\bits\char_traits.h
FN:138,_ZN9__gnu_cxx11char_traitsIcE2eqERKcS3_
FNDA:0,_ZN9__gnu_cxx11char_traitsIcE2eqERKcS3_
FN:201,_ZN9__gnu_cxx11char_traitsIcE6lengthEPKc
FNDA:0,_ZN9__gnu_cxx11char_traitsIcE6lengthEPKc
FN:345,_ZNSt11char_traitsIcE6assignERcRKc
FNDA:22264,_ZNSt11char_traitsIcE6assignERcRKc
FN:360,_ZNSt11char_traitsIcE2ltERKcS2_
FNDA:0,_ZNSt11char_traitsIcE2ltERKcS2_
FN:368,_ZNSt11char_traitsIcE7compareEPKcS2_y
FNDA:169,_ZNSt11char_traitsIcE7compareEPKcS2_y
FN:387,_ZNSt11char_traitsIcE6lengthEPKc
FNDA:1152,_ZNSt11char_traitsIcE6lengthEPKc
FN:421,_ZNSt11char_traitsIcE4copyEPcPKcy
FNDA:1634,_ZNSt11char_traitsIcE4copyEPcPKcy
DA:138,0
DA:139,0
DA:201,0
DA:204,0
DA:205,0
DA:206,0
DA:207,0
DA:345,22264
DA:352,22264
DA:353,22264
DA:360,0
DA:363,0
DA:364,0
DA:368,169
DA:370,169
DA:371,0
DA:373,169
DA:375,0
DA:376,0
DA:377,0
DA:378,0
DA:379,0
DA:380,0
DA:383,169
DA:387,1152
DA:390,1152
DA:391,0
DA:393,1152
DA:421,1634
DA:423,1634
DA:424,54
DA:429,1580
end_of_record
SF:C:\mingw64\winlibs-x86_64-posix-seh-gcc-15.2.0-mingw-w64ucrt-14.0.0-r7\mingw64\include\c++\15.2.0\bits\stl_construct.h
FN:202,_ZSt8_DestroyIPiEvT_S1_
FNDA:22,_ZSt8_DestroyIPiEvT_S1_
DA:202,22
DA:222,22
end_of_record
SF:C:\DEV\TDD_TV_05\build\_deps\googletest-src\googletest\include\gtest\gtest-printers.h
FN:248,_ZN7testing8internal52internal_stream_operator_without_lexical_name_lookup13StreamPrinter10PrintValueIjvEEDTcvvlsdefp0_fp_ERKT_PSo
FNDA:0,_ZN7testing8internal52internal_stream_operator_without_lexical_name_lookup13StreamPrinter10PrintValueIjvEEDTcvvlsdefp0_fp_ERKT_PSo
FN:248,_ZN7testing8internal52internal_stream_operator_without_lexical_name_lookup13StreamPrinter10PrintValueIyvEEDTcvvlsdefp0_fp_ERKT_PSo
FNDA:0,_ZN7testing8internal52internal_stream_operator_without_lexical_name_lookup13StreamPrinter10PrintValueIyvEEDTcvvlsdefp0_fp_ERKT_PSo
FN:315,_ZN7testing8internal15RawBytesPrinter10PrintValueIN9__gnu_cxx17__normal_iteratorIPKiSt6vectorIiSaIiEEEELy8EEEvRKT_PSo
FNDA:0,_ZN7testing8internal15RawBytesPrinter10PrintValueIN9__gnu_cxx17__normal_iteratorIPKiSt6vectorIiSaIiEEEELy8EEEvRKT_PSo
FN:352,_ZN7testing8internal17PrintWithFallbackIyEEvRKT_PSo
FNDA:0,_ZN7testing8internal17PrintWithFallbackIyEEvRKT_PSo
FN:352,_ZN7testing8internal17PrintWithFallbackIjEEvRKT_PSo
FNDA:0,_ZN7testing8internal17PrintWithFallbackIjEEvRKT_PSo
FN:352,_ZN7testing8internal17PrintWithFallbackIN9__gnu_cxx17__normal_iteratorIPKiSt6vectorIiSaIiEEEEEEvRKT_PSo
FNDA:0,_ZN7testing8internal17PrintWithFallbackIN9__gnu_cxx17__normal_iteratorIPKiSt6vectorIiSaIiEEEEEEvRKT_PSo
FN:383,_ZN7testing8internal19FormatForComparisonIN9__gnu_cxx17__normal_iteratorIPKiSt6vectorIiSaIiEEEES9_E6FormatB5cxx11ERKS9_
FNDA:0,_ZN7testing8internal19FormatForComparisonIN9__gnu_cxx17__normal_iteratorIPKiSt6vectorIiSaIiEEEES9_E6FormatB5cxx11ERKS9_
FN:383,_ZN7testing8internal19FormatForComparisonINSt7__cxx1112basic_stringIcSt11char_traitsIcESaIcEEEA2_cE6FormatERKS7_
FNDA:0,_ZN7testing8internal19FormatForComparisonINSt7__cxx1112basic_stringIcSt11char_traitsIcESaIcEEEA2_cE6FormatERKS7_
FN:383,_ZN7testing8internal19FormatForComparisonINSt7__cxx1112basic_stringIcSt11char_traitsIcESaIcEEEA3_cE6FormatERKS7_
FNDA:0,_ZN7testing8internal19FormatForComparisonINSt7__cxx1112basic_stringIcSt11char_traitsIcESaIcEEEA3_cE6FormatERKS7_
FN:383,_ZN7testing8internal19FormatForComparisonIjyE6FormatB5cxx11ERKj
FNDA:0,_ZN7testing8internal19FormatForComparisonIjyE6FormatB5cxx11ERKj
FN:383,_ZN7testing8internal19FormatForComparisonIyjE6FormatB5cxx11ERKy
FNDA:0,_ZN7testing8internal19FormatForComparisonIyjE6FormatB5cxx11ERKy
FN:392,_ZN7testing8internal19FormatForComparisonIA2_cNSt7__cxx1112basic_stringIcSt11char_traitsIcESaIcEEEE6FormatEPKc
FNDA:0,_ZN7testing8internal19FormatForComparisonIA2_cNSt7__cxx1112basic_stringIcSt11char_traitsIcESaIcEEEE6FormatEPKc
FN:392,_ZN7testing8internal19FormatForComparisonIA3_cNSt7__cxx1112basic_stringIcSt11char_traitsIcESaIcEEEE6FormatEPKc
FNDA:0,_ZN7testing8internal19FormatForComparisonIA3_cNSt7__cxx1112basic_stringIcSt11char_traitsIcESaIcEEEE6FormatEPKc
FN:437,_ZN7testing8internal19FormatForComparisonIPKcNSt7__cxx1112basic_stringIcSt11char_traitsIcESaIcEEEE6FormatES3_
FNDA:0,_ZN7testing8internal19FormatForComparisonIPKcNSt7__cxx1112basic_stringIcSt11char_traitsIcESaIcEEEE6FormatES3_
FN:463,_ZN7testing8internal33FormatForComparisonFailureMessageIN9__gnu_cxx17__normal_iteratorIPKiSt6vectorIiSaIiEEEES9_EENSt7__cxx1112basic_stringIcSt11char_traitsIcESaIcEEERKT_RKT0_
FNDA:0,_ZN7testing8internal33FormatForComparisonFailureMessageIN9__gnu_cxx17__normal_iteratorIPKiSt6vectorIiSaIiEEEES9_EENSt7__cxx1112basic_stringIcSt11char_traitsIcESaIcEEERKT_RKT0_
FN:463,_ZN7testing8internal33FormatForComparisonFailureMessageIA2_cNSt7__cxx1112basic_stringIcSt11char_traitsIcESaIcEEEEES8_RKT_RKT0_
FNDA:0,_ZN7testing8internal33FormatForComparisonFailureMessageIA2_cNSt7__cxx1112basic_stringIcSt11char_traitsIcESaIcEEEEES8_RKT_RKT0_
FN:463,_ZN7testing8internal33FormatForComparisonFailureMessageINSt7__cxx1112basic_stringIcSt11char_traitsIcESaIcEEEA2_cEES7_RKT_RKT0_
FNDA:0,_ZN7testing8internal33FormatForComparisonFailureMessageINSt7__cxx1112basic_stringIcSt11char_traitsIcESaIcEEEA2_cEES7_RKT_RKT0_
FN:463,_ZN7testing8internal33FormatForComparisonFailureMessageIA3_cNSt7__cxx1112basic_stringIcSt11char_traitsIcESaIcEEEEES8_RKT_RKT0_
FNDA:0,_ZN7testing8internal33FormatForComparisonFailureMessageIA3_cNSt7__cxx1112basic_stringIcSt11char_traitsIcESaIcEEEEES8_RKT_RKT0_
FN:463,_ZN7testing8internal33FormatForComparisonFailureMessageINSt7__cxx1112basic_stringIcSt11char_traitsIcESaIcEEEA3_cEES7_RKT_RKT0_
FNDA:0,_ZN7testing8internal33FormatForComparisonFailureMessageINSt7__cxx1112basic_stringIcSt11char_traitsIcESaIcEEEA3_cEES7_RKT_RKT0_
FN:463,_ZN7testing8internal33FormatForComparisonFailureMessageIjyEENSt7__cxx1112basic_stringIcSt11char_traitsIcESaIcEEERKT_RKT0_
FNDA:0,_ZN7testing8internal33FormatForComparisonFailureMessageIjyEENSt7__cxx1112basic_stringIcSt11char_traitsIcESaIcEEERKT_RKT0_
FN:463,_ZN7testing8internal33FormatForComparisonFailureMessageIyjEENSt7__cxx1112basic_stringIcSt11char_traitsIcESaIcEEERKT_RKT0_
FNDA:0,_ZN7testing8internal33FormatForComparisonFailureMessageIyjEENSt7__cxx1112basic_stringIcSt11char_traitsIcESaIcEEERKT_RKT0_
FN:490,_ZN7testing8internal7PrintToIyEEvRKT_PSo
FNDA:0,_ZN7testing8internal7PrintToIyEEvRKT_PSo
FN:490,_ZN7testing8internal7PrintToIjEEvRKT_PSo
FNDA:0,_ZN7testing8internal7PrintToIjEEvRKT_PSo
FN:490,_ZN7testing8internal7PrintToIN9__gnu_cxx17__normal_iteratorIPKiSt6vectorIiSaIiEEEEEEvRKT_PSo
FNDA:0,_ZN7testing8internal7PrintToIN9__gnu_cxx17__normal_iteratorIPKiSt6vectorIiSaIiEEEEEEvRKT_PSo
FN:700,_ZN7testing8internal7PrintToERKNSt7__cxx1112basic_stringIcSt11char_traitsIcESaIcEEEPSo
FNDA:0,_ZN7testing8internal7PrintToERKNSt7__cxx1112basic_stringIcSt11char_traitsIcESaIcEEEPSo
FN:874,_ZN7testing8internal16UniversalPrinterIyE5PrintERKyPSo
FNDA:0,_ZN7testing8internal16UniversalPrinterIyE5PrintERKyPSo
FN:874,_ZN7testing8internal16UniversalPrinterINSt7__cxx1112basic_stringIcSt11char_traitsIcESaIcEEEE5PrintERKS7_PSo
FNDA:0,_ZN7testing8internal16UniversalPrinterINSt7__cxx1112basic_stringIcSt11char_traitsIcESaIcEEEE5PrintERKS7_PSo
FN:874,_ZN7testing8internal16UniversalPrinterIjE5PrintERKjPSo
FNDA:0,_ZN7testing8internal16UniversalPrinterIjE5PrintERKjPSo
FN:874,_ZN7testing8internal16UniversalPrinterIN9__gnu_cxx17__normal_iteratorIPKiSt6vectorIiSaIiEEEEE5PrintERKS9_PSo
FNDA:0,_ZN7testing8internal16UniversalPrinterIN9__gnu_cxx17__normal_iteratorIPKiSt6vectorIiSaIiEEEEE5PrintERKS9_PSo
FN:1064,_ZN7testing8internal21UniversalTersePrinterIyE5PrintERKyPSo
FNDA:0,_ZN7testing8internal21UniversalTersePrinterIyE5PrintERKyPSo
FN:1064,_ZN7testing8internal21UniversalTersePrinterIN9__gnu_cxx17__normal_iteratorIPKiSt6vectorIiSaIiEEEEE5PrintERKS9_PSo
FNDA:0,_ZN7testing8internal21UniversalTersePrinterIN9__gnu_cxx17__normal_iteratorIPKiSt6vectorIiSaIiEEEEE5PrintERKS9_PSo
FN:1064,_ZN7testing8internal21UniversalTersePrinterINSt7__cxx1112basic_stringIcSt11char_traitsIcESaIcEEEE5PrintERKS7_PSo
FNDA:0,_ZN7testing8internal21UniversalTersePrinterINSt7__cxx1112basic_stringIcSt11char_traitsIcESaIcEEEE5PrintERKS7_PSo
FN:1064,_ZN7testing8internal21UniversalTersePrinterIjE5PrintERKjPSo
FNDA:0,_ZN7testing8internal21UniversalTersePrinterIjE5PrintERKjPSo
FN:1092,_ZN7testing8internal21UniversalTersePrinterIPKcE5PrintES3_PSo
FNDA:0,_ZN7testing8internal21UniversalTersePrinterIPKcE5PrintES3_PSo
FN:1183,_ZN7testing8internal14UniversalPrintIyEEvRKT_PSo
FNDA:0,_ZN7testing8internal14UniversalPrintIyEEvRKT_PSo
FN:1183,_ZN7testing8internal14UniversalPrintIjEEvRKT_PSo
FNDA:0,_ZN7testing8internal14UniversalPrintIjEEvRKT_PSo
FN:1183,_ZN7testing8internal14UniversalPrintINSt7__cxx1112basic_stringIcSt11char_traitsIcESaIcEEEEEvRKT_PSo
FNDA:0,_ZN7testing8internal14UniversalPrintINSt7__cxx1112basic_stringIcSt11char_traitsIcESaIcEEEEEvRKT_PSo
FN:1183,_ZN7testing8internal14UniversalPrintIN9__gnu_cxx17__normal_iteratorIPKiSt6vectorIiSaIiEEEEEEvRKT_PSo
FNDA:0,_ZN7testing8internal14UniversalPrintIN9__gnu_cxx17__normal_iteratorIPKiSt6vectorIiSaIiEEEEEEvRKT_PSo
FN:1223,_ZN7testing13PrintToStringIN9__gnu_cxx17__normal_iteratorIPKiSt6vectorIiSaIiEEEEEENSt7__cxx1112basic_stringIcSt11char_traitsIcESaIcEEERKT_
FNDA:0,_ZN7testing13PrintToStringIN9__gnu_cxx17__normal_iteratorIPKiSt6vectorIiSaIiEEEEEENSt7__cxx1112basic_stringIcSt11char_traitsIcESaIcEEERKT_
FN:1223,_ZN7testing13PrintToStringINSt7__cxx1112basic_stringIcSt11char_traitsIcESaIcEEEEES6_RKT_
FNDA:0,_ZN7testing13PrintToStringINSt7__cxx1112basic_stringIcSt11char_traitsIcESaIcEEEEES6_RKT_
FN:1223,_ZN7testing13PrintToStringIjEENSt7__cxx1112basic_stringIcSt11char_traitsIcESaIcEEERKT_
FNDA:0,_ZN7testing13PrintToStringIjEENSt7__cxx1112basic_stringIcSt11char_traitsIcESaIcEEERKT_
FN:1223,_ZN7testing13PrintToStringIyEENSt7__cxx1112basic_stringIcSt11char_traitsIcESaIcEEERKT_
FNDA:0,_ZN7testing13PrintToStringIyEENSt7__cxx1112basic_stringIcSt11char_traitsIcESaIcEEERKT_
FN:1223,_ZN7testing13PrintToStringIPKcEENSt7__cxx1112basic_stringIcSt11char_traitsIcESaIcEEERKT_
FNDA:0,_ZN7testing13PrintToStringIPKcEENSt7__cxx1112basic_stringIcSt11char_traitsIcESaIcEEERKT_
DA:248,0
DA:252,0
DA:253,0
DA:248,0
DA:252,0
DA:253,0
DA:315,0
DA:316,0
DA:319,0
DA:321,0
DA:352,0
DA:362,0
DA:363,0
DA:352,0
DA:362,0
DA:363,0
DA:352,0
DA:362,0
DA:363,0
DA:383,0
DA:384,0
DA:383,0
DA:384,0
DA:383,0
DA:384,0
DA:383,0
DA:384,0
DA:383,0
DA:384,0
DA:392,0
DA:393,0
DA:392,0
DA:393,0
DA:437,0
DA:463,0
DA:465,0
DA:463,0
DA:465,0
DA:463,0
DA:465,0
DA:463,0
DA:465,0
DA:463,0
DA:465,0
DA:463,0
DA:465,0
DA:463,0
DA:465,0
DA:490,0
DA:491,0
DA:492,0
DA:490,0
DA:491,0
DA:492,0
DA:490,0
DA:491,0
DA:492,0
DA:700,0
DA:701,0
DA:702,0
DA:874,0
DA:883,0
DA:884,0
DA:874,0
DA:883,0
DA:884,0
DA:874,0
DA:883,0
DA:884,0
DA:874,0
DA:883,0
DA:884,0
DA:1064,0
DA:1065,0
DA:1066,0
DA:1064,0
DA:1065,0
DA:1066,0
DA:1064,0
DA:1065,0
DA:1066,0
DA:1064,0
DA:1065,0
DA:1066,0
DA:1092,0
DA:1093,0
DA:1094,0
DA:1096,0
DA:1098,0
DA:1183,0
DA:1187,0
DA:1188,0
DA:1183,0
DA:1187,0
DA:1188,0
DA:1183,0
DA:1187,0
DA:1188,0
DA:1183,0
DA:1187,0
DA:1188,0
DA:1223,0
DA:1224,0
DA:1225,0
DA:1226,0
DA:1227,0
DA:1223,0
DA:1224,0
DA:1225,0
DA:1226,0
DA:1227,0
DA:1223,0
DA:1224,0
DA:1225,0
DA:1226,0
DA:1227,0
DA:1223,0
DA:1224,0
DA:1225,0
DA:1226,0
DA:1227,0
DA:1223,0
DA:1224,0
DA:1225,0
DA:1226,0
DA:1227,0
end_of_record
SF:C:\mingw64\winlibs-x86_64-posix-seh-gcc-15.2.0-mingw-w64ucrt-14.0.0-r7\mingw64\include\c++\15.2.0\bits\stl_iterator.h
DA:1058,269
DA:1059,269
DA:1090,14
DA:1103,8
DA:1104,8
DA:1142,0
DA:1166,26
DA:1231,2
DA:1247,50
DA:1340,0
DA:3011,809
end_of_record
SF:C:\DEV\TDD_TV_05\include\TVController.h
FN:28,_ZN12TVControllerC1ER5Tuner
FNDA:5,_ZN12TVControllerC1ER5Tuner
FN:35,_ZNK12TVController19GetFavoriteChannelsEv
FNDA:3,_ZNK12TVController19GetFavoriteChannelsEv
DA:28,5
DA:35,3
DA:36,3
end_of_record
SF:C:\DEV\TDD_TV_05\build\_deps\googletest-src\googletest\include\gtest\internal\gtest-port.h
FN:1082,_ZN7testing8internal8GTestLog9GetStreamEv
FNDA:0,_ZN7testing8internal8GTestLog9GetStreamEv
DA:1082,0
end_of_record
SF:C:\mingw64\winlibs-x86_64-posix-seh-gcc-15.2.0-mingw-w64ucrt-14.0.0-r7\mingw64\include\c++\15.2.0\bits\unique_ptr.h
FN:87,_ZNKSt14default_deleteINSt7__cxx1112basic_stringIcSt11char_traitsIcESaIcEEEEclEPS5_
FNDA:0,_ZNKSt14default_deleteINSt7__cxx1112basic_stringIcSt11char_traitsIcESaIcEEEEclEPS5_
FN:87,_ZNKSt14default_deleteINSt7__cxx1118basic_stringstreamIcSt11char_traitsIcESaIcEEEEclEPS5_
FNDA:424,_ZNKSt14default_deleteINSt7__cxx1118basic_stringstreamIcSt11char_traitsIcESaIcEEEEclEPS5_
FN:87,_ZNKSt14default_deleteI8DevTunerEclEPS0_
FNDA:5,_ZNKSt14default_deleteI8DevTunerEclEPS0_
FN:87,_ZNKSt14default_deleteI12TVControllerEclEPS0_
FNDA:5,_ZNKSt14default_deleteI12TVControllerEclEPS0_
FN:168,_ZNSt15__uniq_ptr_implI12TVControllerSt14default_deleteIS0_EEC2Ev
FNDA:5,_ZNSt15__uniq_ptr_implI12TVControllerSt14default_deleteIS0_EEC2Ev
FN:168,_ZNSt15__uniq_ptr_implI8DevTunerSt14default_deleteIS0_EEC2Ev
FNDA:5,_ZNSt15__uniq_ptr_implI8DevTunerSt14default_deleteIS0_EEC2Ev
FN:170,_ZNSt15__uniq_ptr_implI12TVControllerSt14default_deleteIS0_EEC2EPS0_
FNDA:5,_ZNSt15__uniq_ptr_implI12TVControllerSt14default_deleteIS0_EEC2EPS0_
FN:170,_ZNSt15__uniq_ptr_implI8DevTunerSt14default_deleteIS0_EEC2EPS0_
FNDA:5,_ZNSt15__uniq_ptr_implI8DevTunerSt14default_deleteIS0_EEC2EPS0_
FN:170,_ZNSt15__uniq_ptr_implINSt7__cxx1112basic_stringIcSt11char_traitsIcESaIcEEESt14default_deleteIS5_EEC2EPS5_
FNDA:0,_ZNSt15__uniq_ptr_implINSt7__cxx1112basic_stringIcSt11char_traitsIcESaIcEEESt14default_deleteIS5_EEC2EPS5_
FN:183,_ZNSt15__uniq_ptr_implI12TVControllerSt14default_deleteIS0_EEaSEOS3_
FNDA:5,_ZNSt15__uniq_ptr_implI12TVControllerSt14default_deleteIS0_EEaSEOS3_
FN:183,_ZNSt15__uniq_ptr_implI8DevTunerSt14default_deleteIS0_EEaSEOS3_
FNDA:5,_ZNSt15__uniq_ptr_implI8DevTunerSt14default_deleteIS0_EEaSEOS3_
FN:183,_ZNSt15__uniq_ptr_implINSt7__cxx1112basic_stringIcSt11char_traitsIcESaIcEEESt14default_deleteIS5_EEaSEOS8_
FNDA:0,_ZNSt15__uniq_ptr_implINSt7__cxx1112basic_stringIcSt11char_traitsIcESaIcEEESt14default_deleteIS5_EEaSEOS8_
FN:191,_ZNSt15__uniq_ptr_implINSt7__cxx1112basic_stringIcSt11char_traitsIcESaIcEEESt14default_deleteIS5_EE6_M_ptrEv
FNDA:8,_ZNSt15__uniq_ptr_implINSt7__cxx1112basic_stringIcSt11char_traitsIcESaIcEEESt14default_deleteIS5_EE6_M_ptrEv
FN:191,_ZNSt15__uniq_ptr_implI8DevTunerSt14default_deleteIS0_EE6_M_ptrEv
FNDA:35,_ZNSt15__uniq_ptr_implI8DevTunerSt14default_deleteIS0_EE6_M_ptrEv
FN:191,_ZNSt15__uniq_ptr_implINSt7__cxx1118basic_stringstreamIcSt11char_traitsIcESaIcEEESt14default_deleteIS5_EE6_M_ptrEv
FNDA:848,_ZNSt15__uniq_ptr_implINSt7__cxx1118basic_stringstreamIcSt11char_traitsIcESaIcEEESt14default_deleteIS5_EE6_M_ptrEv
FN:191,_ZNSt15__uniq_ptr_implI12TVControllerSt14default_deleteIS0_EE6_M_ptrEv
FNDA:35,_ZNSt15__uniq_ptr_implI12TVControllerSt14default_deleteIS0_EE6_M_ptrEv
FN:193,_ZNKSt15__uniq_ptr_implI8DevTunerSt14default_deleteIS0_EE6_M_ptrEv
FNDA:19,_ZNKSt15__uniq_ptr_implI8DevTunerSt14default_deleteIS0_EE6_M_ptrEv
FN:193,_ZNKSt15__uniq_ptr_implINSt7__cxx1112basic_stringIcSt11char_traitsIcESaIcEEESt14default_deleteIS5_EE6_M_ptrEv
FNDA:0,_ZNKSt15__uniq_ptr_implINSt7__cxx1112basic_stringIcSt11char_traitsIcESaIcEEESt14default_deleteIS5_EE6_M_ptrEv
FN:193,_ZNKSt15__uniq_ptr_implINSt7__cxx1118basic_stringstreamIcSt11char_traitsIcESaIcEEESt14default_deleteIS5_EE6_M_ptrEv
FNDA:9242,_ZNKSt15__uniq_ptr_implINSt7__cxx1118basic_stringstreamIcSt11char_traitsIcESaIcEEESt14default_deleteIS5_EE6_M_ptrEv
FN:193,_ZNKSt15__uniq_ptr_implI12TVControllerSt14default_deleteIS0_EE6_M_ptrEv
FNDA:15,_ZNKSt15__uniq_ptr_implI12TVControllerSt14default_deleteIS0_EE6_M_ptrEv
FN:195,_ZNSt15__uniq_ptr_implINSt7__cxx1118basic_stringstreamIcSt11char_traitsIcESaIcEEESt14default_deleteIS5_EE10_M_deleterEv
FNDA:424,_ZNSt15__uniq_ptr_implINSt7__cxx1118basic_stringstreamIcSt11char_traitsIcESaIcEEESt14default_deleteIS5_EE10_M_deleterEv
FN:195,_ZNSt15__uniq_ptr_implINSt7__cxx1112basic_stringIcSt11char_traitsIcESaIcEEESt14default_deleteIS5_EE10_M_deleterEv
FNDA:0,_ZNSt15__uniq_ptr_implINSt7__cxx1112basic_stringIcSt11char_traitsIcESaIcEEESt14default_deleteIS5_EE10_M_deleterEv
FN:195,_ZNSt15__uniq_ptr_implI8DevTunerSt14default_deleteIS0_EE10_M_deleterEv
FNDA:15,_ZNSt15__uniq_ptr_implI8DevTunerSt14default_deleteIS0_EE10_M_deleterEv
FN:195,_ZNSt15__uniq_ptr_implI12TVControllerSt14default_deleteIS0_EE10_M_deleterEv
FNDA:15,_ZNSt15__uniq_ptr_implI12TVControllerSt14default_deleteIS0_EE10_M_deleterEv
FN:200,_ZNSt15__uniq_ptr_implI8DevTunerSt14default_deleteIS0_EE5resetEPS0_
FNDA:5,_ZNSt15__uniq_ptr_implI8DevTunerSt14default_deleteIS0_EE5resetEPS0_
FN:200,_ZNSt15__uniq_ptr_implINSt7__cxx1112basic_stringIcSt11char_traitsIcESaIcEEESt14default_deleteIS5_EE5resetEPS5_
FNDA:0,_ZNSt15__uniq_ptr_implINSt7__cxx1112basic_stringIcSt11char_traitsIcESaIcEEESt14default_deleteIS5_EE5resetEPS5_
FN:200,_ZNSt15__uniq_ptr_implI12TVControllerSt14default_deleteIS0_EE5resetEPS0_
FNDA:5,_ZNSt15__uniq_ptr_implI12TVControllerSt14default_deleteIS0_EE5resetEPS0_
FN:209,_ZNSt15__uniq_ptr_implI8DevTunerSt14default_deleteIS0_EE7releaseEv
FNDA:5,_ZNSt15__uniq_ptr_implI8DevTunerSt14default_deleteIS0_EE7releaseEv
FN:209,_ZNSt15__uniq_ptr_implI12TVControllerSt14default_deleteIS0_EE7releaseEv
FNDA:5,_ZNSt15__uniq_ptr_implI12TVControllerSt14default_deleteIS0_EE7releaseEv
FN:209,_ZNSt15__uniq_ptr_implINSt7__cxx1112basic_stringIcSt11char_traitsIcESaIcEEESt14default_deleteIS5_EE7releaseEv
FNDA:0,_ZNSt15__uniq_ptr_implINSt7__cxx1112basic_stringIcSt11char_traitsIcESaIcEEESt14default_deleteIS5_EE7releaseEv
FN:237,_ZNSt15__uniq_ptr_dataI12TVControllerSt14default_deleteIS0_ELb1ELb1EEaSEOS3_
FNDA:5,_ZNSt15__uniq_ptr_dataI12TVControllerSt14default_deleteIS0_ELb1ELb1EEaSEOS3_
FN:237,_ZNSt15__uniq_ptr_dataI8DevTunerSt14default_deleteIS0_ELb1ELb1EEaSEOS3_
FNDA:5,_ZNSt15__uniq_ptr_dataI8DevTunerSt14default_deleteIS0_ELb1ELb1EEaSEOS3_
FN:237,_ZNSt15__uniq_ptr_dataINSt7__cxx1112basic_stringIcSt11char_traitsIcESaIcEEESt14default_deleteIS5_ELb1ELb1EEaSEOS8_
FNDA:0,_ZNSt15__uniq_ptr_dataINSt7__cxx1112basic_stringIcSt11char_traitsIcESaIcEEESt14default_deleteIS5_ELb1ELb1EEaSEOS8_
FN:298,_ZNSt10unique_ptrI12TVControllerSt14default_deleteIS0_EEC1IS2_vEEv
FNDA:5,_ZNSt10unique_ptrI12TVControllerSt14default_deleteIS0_EEC1IS2_vEEv
FN:298,_ZNSt10unique_ptrI8DevTunerSt14default_deleteIS0_EEC1IS2_vEEv
FNDA:5,_ZNSt10unique_ptrI8DevTunerSt14default_deleteIS0_EEC1IS2_vEEv
FN:311,_ZNSt10unique_ptrINSt7__cxx1112basic_stringIcSt11char_traitsIcESaIcEEESt14default_deleteIS5_EEC1IS7_vEEPS5_
FNDA:0,_ZNSt10unique_ptrINSt7__cxx1112basic_stringIcSt11char_traitsIcESaIcEEESt14default_deleteIS5_EEC1IS7_vEEPS5_
FN:311,_ZNSt10unique_ptrI12TVControllerSt14default_deleteIS0_EEC1IS2_vEEPS0_
FNDA:5,_ZNSt10unique_ptrI12TVControllerSt14default_deleteIS0_EEC1IS2_vEEPS0_
FN:311,_ZNSt10unique_ptrI8DevTunerSt14default_deleteIS0_EEC1IS2_vEEPS0_
FNDA:5,_ZNSt10unique_ptrI8DevTunerSt14default_deleteIS0_EEC1IS2_vEEPS0_
FN:393,_ZNSt10unique_ptrINSt7__cxx1118basic_stringstreamIcSt11char_traitsIcESaIcEEESt14default_deleteIS5_EED1Ev
FNDA:424,_ZNSt10unique_ptrINSt7__cxx1118basic_stringstreamIcSt11char_traitsIcESaIcEEESt14default_deleteIS5_EED1Ev
FN:393,_ZNSt10unique_ptrINSt7__cxx1112basic_stringIcSt11char_traitsIcESaIcEEESt14default_deleteIS5_EED1Ev
FNDA:8,_ZNSt10unique_ptrINSt7__cxx1112basic_stringIcSt11char_traitsIcESaIcEEESt14default_deleteIS5_EED1Ev
FN:393,_ZNSt10unique_ptrI12TVControllerSt14default_deleteIS0_EED1Ev
FNDA:10,_ZNSt10unique_ptrI12TVControllerSt14default_deleteIS0_EED1Ev
FN:393,_ZNSt10unique_ptrI8DevTunerSt14default_deleteIS0_EED1Ev
FNDA:10,_ZNSt10unique_ptrI8DevTunerSt14default_deleteIS0_EED1Ev
FN:409,_ZNSt10unique_ptrINSt7__cxx1112basic_stringIcSt11char_traitsIcESaIcEEESt14default_deleteIS5_EEaSEOS8_
FNDA:0,_ZNSt10unique_ptrINSt7__cxx1112basic_stringIcSt11char_traitsIcESaIcEEESt14default_deleteIS5_EEaSEOS8_
FN:409,_ZNSt10unique_ptrI12TVControllerSt14default_deleteIS0_EEaSEOS3_
FNDA:5,_ZNSt10unique_ptrI12TVControllerSt14default_deleteIS0_EEaSEOS3_
FN:409,_ZNSt10unique_ptrI8DevTunerSt14default_deleteIS0_EEaSEOS3_
FNDA:5,_ZNSt10unique_ptrI8DevTunerSt14default_deleteIS0_EEaSEOS3_
FN:446,_ZNKSt10unique_ptrINSt7__cxx1118basic_stringstreamIcSt11char_traitsIcESaIcEEESt14default_deleteIS5_EEdeEv
FNDA:4409,_ZNKSt10unique_ptrINSt7__cxx1118basic_stringstreamIcSt11char_traitsIcESaIcEEESt14default_deleteIS5_EEdeEv
FN:446,_ZNKSt10unique_ptrI8DevTunerSt14default_deleteIS0_EEdeEv
FNDA:5,_ZNKSt10unique_ptrI8DevTunerSt14default_deleteIS0_EEdeEv
FN:463,_ZNKSt10unique_ptrINSt7__cxx1112basic_stringIcSt11char_traitsIcESaIcEEESt14default_deleteIS5_EEptEv
FNDA:0,_ZNKSt10unique_ptrINSt7__cxx1112basic_stringIcSt11char_traitsIcESaIcEEESt14default_deleteIS5_EEptEv
FN:463,_ZNKSt10unique_ptrI12TVControllerSt14default_deleteIS0_EEptEv
FNDA:15,_ZNKSt10unique_ptrI12TVControllerSt14default_deleteIS0_EEptEv
FN:463,_ZNKSt10unique_ptrI8DevTunerSt14default_deleteIS0_EEptEv
FNDA:9,_ZNKSt10unique_ptrI8DevTunerSt14default_deleteIS0_EEptEv
FN:472,_ZNKSt10unique_ptrINSt7__cxx1112basic_stringIcSt11char_traitsIcESaIcEEESt14default_deleteIS5_EE3getEv
FNDA:0,_ZNKSt10unique_ptrINSt7__cxx1112basic_stringIcSt11char_traitsIcESaIcEEESt14default_deleteIS5_EE3getEv
FN:472,_ZNKSt10unique_ptrI12TVControllerSt14default_deleteIS0_EE3getEv
FNDA:15,_ZNKSt10unique_ptrI12TVControllerSt14default_deleteIS0_EE3getEv
FN:472,_ZNKSt10unique_ptrI8DevTunerSt14default_deleteIS0_EE3getEv
FNDA:19,_ZNKSt10unique_ptrI8DevTunerSt14default_deleteIS0_EE3getEv
FN:472,_ZNKSt10unique_ptrINSt7__cxx1118basic_stringstreamIcSt11char_traitsIcESaIcEEESt14default_deleteIS5_EE3getEv
FNDA:9242,_ZNKSt10unique_ptrINSt7__cxx1118basic_stringstreamIcSt11char_traitsIcESaIcEEESt14default_deleteIS5_EE3getEv
FN:478,_ZNSt10unique_ptrINSt7__cxx1112basic_stringIcSt11char_traitsIcESaIcEEESt14default_deleteIS5_EE11get_deleterEv
FNDA:0,_ZNSt10unique_ptrINSt7__cxx1112basic_stringIcSt11char_traitsIcESaIcEEESt14default_deleteIS5_EE11get_deleterEv
FN:478,_ZNSt10unique_ptrI12TVControllerSt14default_deleteIS0_EE11get_deleterEv
FNDA:5,_ZNSt10unique_ptrI12TVControllerSt14default_deleteIS0_EE11get_deleterEv
FN:478,_ZNSt10unique_ptrI8DevTunerSt14default_deleteIS0_EE11get_deleterEv
FNDA:5,_ZNSt10unique_ptrI8DevTunerSt14default_deleteIS0_EE11get_deleterEv
FN:478,_ZNSt10unique_ptrINSt7__cxx1118basic_stringstreamIcSt11char_traitsIcESaIcEEESt14default_deleteIS5_EE11get_deleterEv
FNDA:424,_ZNSt10unique_ptrINSt7__cxx1118basic_stringstreamIcSt11char_traitsIcESaIcEEESt14default_deleteIS5_EE11get_deleterEv
FN:489,_ZNKSt10unique_ptrINSt7__cxx1112basic_stringIcSt11char_traitsIcESaIcEEESt14default_deleteIS5_EEcvbEv
FNDA:0,_ZNKSt10unique_ptrINSt7__cxx1112basic_stringIcSt11char_traitsIcESaIcEEESt14default_deleteIS5_EEcvbEv
FN:854,_ZSteqINSt7__cxx1112basic_stringIcSt11char_traitsIcESaIcEEESt14default_deleteIS5_EEbRKSt10unique_ptrIT_T0_EDn
FNDA:0,_ZSteqINSt7__cxx1112basic_stringIcSt11char_traitsIcESaIcEEESt14default_deleteIS5_EEbRKSt10unique_ptrIT_T0_EDn
FN:878,_ZStneINSt7__cxx1112basic_stringIcSt11char_traitsIcESaIcEEESt14default_deleteIS5_EEbRKSt10unique_ptrIT_T0_EDn
FNDA:0,_ZStneINSt7__cxx1112basic_stringIcSt11char_traitsIcESaIcEEESt14default_deleteIS5_EEbRKSt10unique_ptrIT_T0_EDn
FN:1084,_ZSt11make_uniqueINSt7__cxx1112basic_stringIcSt11char_traitsIcESaIcEEEJEENSt8__detail9_MakeUniqIT_E15__single_objectEDpOT0_
FNDA:0,_ZSt11make_uniqueINSt7__cxx1112basic_stringIcSt11char_traitsIcESaIcEEEJEENSt8__detail9_MakeUniqIT_E15__single_objectEDpOT0_
FN:1084,_ZSt11make_uniqueI8DevTunerJSt6vectorIiSaIiEEEENSt8__detail9_MakeUniqIT_E15__single_objectEDpOT0_
FNDA:5,_ZSt11make_uniqueI8DevTunerJSt6vectorIiSaIiEEEENSt8__detail9_MakeUniqIT_E15__single_objectEDpOT0_
FN:1084,_ZSt11make_uniqueI12TVControllerJR8DevTunerEENSt8__detail9_MakeUniqIT_E15__single_objectEDpOT0_
FNDA:5,_ZSt11make_uniqueI12TVControllerJR8DevTunerEENSt8__detail9_MakeUniqIT_E15__single_objectEDpOT0_
DA:87,5
DA:93,5
DA:94,5
DA:87,5
DA:93,5
DA:94,5
DA:87,0
DA:93,0
DA:94,0
DA:87,424
DA:93,424
DA:94,424
DA:168,5
DA:168,5
DA:170,5
DA:170,5
DA:170,0
DA:183,5
DA:185,5
DA:186,10
DA:187,5
DA:183,5
DA:185,5
DA:186,10
DA:187,5
DA:183,0
DA:185,0
DA:186,0
DA:187,0
DA:191,35
DA:191,35
DA:191,8
DA:191,848
DA:193,15
DA:193,19
DA:193,0
DA:193,9242
DA:195,424
DA:195,15
DA:195,15
DA:195,0
DA:200,5
DA:202,5
DA:203,5
DA:204,5
DA:205,0
DA:206,5
DA:200,5
DA:202,5
DA:203,5
DA:204,5
DA:205,0
DA:206,5
DA:200,0
DA:202,0
DA:203,0
DA:204,0
DA:205,0
DA:206,0
DA:209,5
DA:211,5
DA:212,5
DA:213,5
DA:209,5
DA:211,5
DA:212,5
DA:213,5
DA:209,0
DA:211,0
DA:212,0
DA:213,0
DA:237,5
DA:237,5
DA:237,0
DA:298,5
DA:299,5
DA:300,5
DA:298,5
DA:299,5
DA:300,5
DA:311,5
DA:312,5
DA:313,5
DA:311,5
DA:312,5
DA:313,5
DA:311,0
DA:312,0
DA:313,0
DA:393,10
DA:397,10
DA:398,10
DA:399,10
DA:400,10
DA:401,10
DA:393,10
DA:397,10
DA:398,10
DA:399,10
DA:400,10
DA:401,10
DA:393,8
DA:397,8
DA:398,8
DA:399,0
DA:400,8
DA:401,8
DA:393,424
DA:397,424
DA:398,424
DA:399,848
DA:400,424
DA:401,424
DA:409,5
DA:409,5
DA:409,0
DA:446,5
DA:456,5
DA:457,5
DA:446,4409
DA:456,4409
DA:457,4409
DA:463,9
DA:466,9
DA:463,15
DA:466,15
DA:463,0
DA:466,0
DA:472,15
DA:473,15
DA:472,19
DA:473,19
DA:472,0
DA:473,0
DA:472,9242
DA:473,9242
DA:478,5
DA:479,5
DA:478,5
DA:479,5
DA:478,0
DA:479,0
DA:478,424
DA:479,424
DA:489,0
DA:490,0
DA:854,0
DA:855,0
DA:878,0
DA:879,0
DA:1084,5
DA:1085,10
DA:1084,5
DA:1085,10
DA:1084,0
DA:1085,0
end_of_record
SF:C:\mingw64\winlibs-x86_64-posix-seh-gcc-15.2.0-mingw-w64ucrt-14.0.0-r7\mingw64\include\c++\15.2.0\bits\new_allocator.h
FN:104,_ZNSt15__new_allocatorIiED2Ev
FNDA:30,_ZNSt15__new_allocatorIiED2Ev
FN:104,_ZNSt15__new_allocatorIcED2Ev
FNDA:3799,_ZNSt15__new_allocatorIcED2Ev
FN:126,_ZNSt15__new_allocatorIiE8allocateEyPKv
FNDA:45,_ZNSt15__new_allocatorIiE8allocateEyPKv
FN:126,_ZNSt15__new_allocatorIcE8allocateEyPKv
FNDA:663,_ZNSt15__new_allocatorIcE8allocateEyPKv
FN:156,_ZNSt15__new_allocatorIcE10deallocateEPcy
FNDA:795,_ZNSt15__new_allocatorIcE10deallocateEPcy
FN:156,_ZNSt15__new_allocatorIiE10deallocateEPiy
FNDA:31,_ZNSt15__new_allocatorIiE10deallocateEPiy
DA:88,515
DA:92,2182
DA:104,30
DA:104,3799
DA:126,45
DA:134,45
DA:138,0
DA:139,0
DA:140,0
DA:151,45
DA:126,663
DA:134,663
DA:140,0
DA:151,663
DA:156,795
DA:172,795
DA:156,31
DA:172,31
DA:183,31834
DA:233,32542
end_of_record
SF:C:\mingw64\winlibs-x86_64-posix-seh-gcc-15.2.0-mingw-w64ucrt-14.0.0-r7\mingw64\include\c++\15.2.0\bits\stl_uninitialized.h
FN:231,_ZSt18uninitialized_copyIPKiPiET0_T_S4_S3_
FNDA:5,_ZSt18uninitialized_copyIPKiPiET0_T_S4_S3_
FN:613,_ZSt22__uninitialized_copy_aIPKiS1_PiiET1_T_T0_S3_RSaIT2_E
FNDA:5,_ZSt22__uninitialized_copy_aIPKiS1_PiiET1_T_T0_S3_RSaIT2_E
DA:231,5
DA:269,5
DA:270,5
DA:273,10
DA:274,5
DA:275,5
DA:276,5
DA:278,5
DA:613,5
DA:637,5
end_of_record
SF:C:\mingw64\winlibs-x86_64-posix-seh-gcc-15.2.0-mingw-w64ucrt-14.0.0-r7\mingw64\include\c++\15.2.0\bits\ptr_traits.h
FN:134,_ZNSt19__ptr_traits_ptr_toIPKcS0_Lb0EE10pointer_toERS0_
FNDA:14150,_ZNSt19__ptr_traits_ptr_toIPKcS0_Lb0EE10pointer_toERS0_
FN:134,_ZNSt19__ptr_traits_ptr_toIPccLb0EE10pointer_toERc
FNDA:2742,_ZNSt19__ptr_traits_ptr_toIPccLb0EE10pointer_toERc
DA:134,14150
DA:135,14150
DA:134,2742
DA:135,2742
end_of_record
SF:C:\DEV\TDD_TV_05\build\_deps\googletest-src\googletest\include\gtest\gtest-message.h
FN:132,_ZN7testing7MessagelsIA5_cEERS0_RKT_
FNDA:0,_ZN7testing7MessagelsIA5_cEERS0_RKT_
FN:132,_ZN7testing7MessagelsINSt7__cxx1112basic_stringIcSt11char_traitsIcESaIcEEEEERS0_RKT_
FNDA:0,_ZN7testing7MessagelsINSt7__cxx1112basic_stringIcSt11char_traitsIcESaIcEEEEERS0_RKT_
FN:132,_ZN7testing7MessagelsIA3_cEERS0_RKT_
FNDA:0,_ZN7testing7MessagelsIA3_cEERS0_RKT_
FN:132,_ZN7testing7MessagelsIA12_cEERS0_RKT_
FNDA:0,_ZN7testing7MessagelsIA12_cEERS0_RKT_
FN:181,_ZN7testing7MessagelsIKcEERS0_RKPT_
FNDA:147,_ZN7testing7MessagelsIKcEERS0_RKPT_
DA:132,0
DA:148,0
DA:149,0
DA:132,0
DA:148,0
DA:149,0
DA:132,0
DA:148,0
DA:149,0
DA:132,0
DA:148,0
DA:149,0
DA:181,147
DA:182,147
DA:183,0
DA:185,147
DA:187,147
end_of_record
SF:C:\DEV\TDD_TV_05\build\_deps\googletest-src\googletest\include\gtest\gtest.h
FN:255,_ZN7testing4Test14SetUpTestSuiteEv
FNDA:0,_ZN7testing4Test14SetUpTestSuiteEv
FN:263,_ZN7testing4Test17TearDownTestSuiteEv
FNDA:0,_ZN7testing4Test17TearDownTestSuiteEv
FN:268,_ZN7testing4Test16TearDownTestCaseEv
FNDA:0,_ZN7testing4Test16TearDownTestCaseEv
FN:269,_ZN7testing4Test13SetUpTestCaseEv
FNDA:0,_ZN7testing4Test13SetUpTestCaseEv
FN:356,_ZN7testing4Test5SetupEv
FNDA:0,_ZN7testing4Test5SetupEv
FN:1374,_ZN7testing8internal18CmpHelperEQFailureIN9__gnu_cxx17__normal_iteratorIPKiSt6vectorIiSaIiEEEES9_EENS_15AssertionResultEPKcSC_RKT_RKT0_
FNDA:0,_ZN7testing8internal18CmpHelperEQFailureIN9__gnu_cxx17__normal_iteratorIPKiSt6vectorIiSaIiEEEES9_EENS_15AssertionResultEPKcSC_RKT_RKT0_
FN:1374,_ZN7testing8internal18CmpHelperEQFailureIA2_cNSt7__cxx1112basic_stringIcSt11char_traitsIcESaIcEEEEENS_15AssertionResultEPKcSB_RKT_RKT0_
FNDA:0,_ZN7testing8internal18CmpHelperEQFailureIA2_cNSt7__cxx1112basic_stringIcSt11char_traitsIcESaIcEEEEENS_15AssertionResultEPKcSB_RKT_RKT0_
FN:1374,_ZN7testing8internal18CmpHelperEQFailureIA3_cNSt7__cxx1112basic_stringIcSt11char_traitsIcESaIcEEEEENS_15AssertionResultEPKcSB_RKT_RKT0_
FNDA:0,_ZN7testing8internal18CmpHelperEQFailureIA3_cNSt7__cxx1112basic_stringIcSt11char_traitsIcESaIcEEEEENS_15AssertionResultEPKcSB_RKT_RKT0_
FN:1374,_ZN7testing8internal18CmpHelperEQFailureIjyEENS_15AssertionResultEPKcS4_RKT_RKT0_
FNDA:0,_ZN7testing8internal18CmpHelperEQFailureIjyEENS_15AssertionResultEPKcS4_RKT_RKT0_
FN:1391,_ZN7testing8internal11CmpHelperEQIA3_cNSt7__cxx1112basic_stringIcSt11char_traitsIcESaIcEEEEENS_15AssertionResultEPKcSB_RKT_RKT0_
FNDA:1,_ZN7testing8internal11CmpHelperEQIA3_cNSt7__cxx1112basic_stringIcSt11char_traitsIcESaIcEEEEENS_15AssertionResultEPKcSB_RKT_RKT0_
FN:1391,_ZN7testing8internal11CmpHelperEQIA2_cNSt7__cxx1112basic_stringIcSt11char_traitsIcESaIcEEEEENS_15AssertionResultEPKcSB_RKT_RKT0_
FNDA:1,_ZN7testing8internal11CmpHelperEQIA2_cNSt7__cxx1112basic_stringIcSt11char_traitsIcESaIcEEEEENS_15AssertionResultEPKcSB_RKT_RKT0_
FN:1391,_ZN7testing8internal11CmpHelperEQIN9__gnu_cxx17__normal_iteratorIPKiSt6vectorIiSaIiEEEES9_EENS_15AssertionResultEPKcSC_RKT_RKT0_
FNDA:1,_ZN7testing8internal11CmpHelperEQIN9__gnu_cxx17__normal_iteratorIPKiSt6vectorIiSaIiEEEES9_EENS_15AssertionResultEPKcSC_RKT_RKT0_
FN:1391,_ZN7testing8internal11CmpHelperEQIjyEENS_15AssertionResultEPKcS4_RKT_RKT0_
FNDA:1,_ZN7testing8internal11CmpHelperEQIjyEENS_15AssertionResultEPKcS4_RKT_RKT0_
FN:1410,_ZN7testing8internal8EqHelper7CompareIjyLPv0EEENS_15AssertionResultEPKcS6_RKT_RKT0_
FNDA:1,_ZN7testing8internal8EqHelper7CompareIjyLPv0EEENS_15AssertionResultEPKcS6_RKT_RKT0_
FN:1410,_ZN7testing8internal8EqHelper7CompareIN9__gnu_cxx17__normal_iteratorIPKiSt6vectorIiSaIiEEEESA_LPv0EEENS_15AssertionResultEPKcSE_RKT_RKT0_
FNDA:1,_ZN7testing8internal8EqHelper7CompareIN9__gnu_cxx17__normal_iteratorIPKiSt6vectorIiSaIiEEEESA_LPv0EEENS_15AssertionResultEPKcSE_RKT_RKT0_
FN:1410,_ZN7testing8internal8EqHelper7CompareIA3_cNSt7__cxx1112basic_stringIcSt11char_traitsIcESaIcEEELPv0EEENS_15AssertionResultEPKcSD_RKT_RKT0_
FNDA:1,_ZN7testing8internal8EqHelper7CompareIA3_cNSt7__cxx1112basic_stringIcSt11char_traitsIcESaIcEEELPv0EEENS_15AssertionResultEPKcSD_RKT_RKT0_
FN:1410,_ZN7testing8internal8EqHelper7CompareIA2_cNSt7__cxx1112basic_stringIcSt11char_traitsIcESaIcEEELPv0EEENS_15AssertionResultEPKcSD_RKT_RKT0_
FNDA:1,_ZN7testing8internal8EqHelper7CompareIA2_cNSt7__cxx1112basic_stringIcSt11char_traitsIcESaIcEEELPv0EEENS_15AssertionResultEPKcSD_RKT_RKT0_
FN:1443,_ZN7testing8internal18CmpHelperOpFailureIN9__gnu_cxx17__normal_iteratorIPKiSt6vectorIiSaIiEEEES9_EENS_15AssertionResultEPKcSC_RKT_RKT0_SC_
FNDA:0,_ZN7testing8internal18CmpHelperOpFailureIN9__gnu_cxx17__normal_iteratorIPKiSt6vectorIiSaIiEEEES9_EENS_15AssertionResultEPKcSC_RKT_RKT0_SC_
FN:1472,_ZN7testing8internal11CmpHelperNEIN9__gnu_cxx17__normal_iteratorIPKiSt6vectorIiSaIiEEEES9_EENS_15AssertionResultEPKcSC_RKT_RKT0_
FNDA:4,_ZN7testing8internal11CmpHelperNEIN9__gnu_cxx17__normal_iteratorIPKiSt6vectorIiSaIiEEEES9_EENS_15AssertionResultEPKcSC_RKT_RKT0_
DA:255,0
DA:263,0
DA:268,0
DA:269,0
DA:356,0
DA:1374,0
DA:1378,0
DA:1379,0
DA:1374,0
DA:1378,0
DA:1379,0
DA:1374,0
DA:1378,0
DA:1379,0
DA:1374,0
DA:1378,0
DA:1379,0
DA:1391,1
DA:1394,1
DA:1395,1
DA:1398,0
DA:1391,1
DA:1394,1
DA:1395,1
DA:1398,0
DA:1391,1
DA:1394,1
DA:1395,1
DA:1398,0
DA:1391,1
DA:1394,1
DA:1395,1
DA:1398,0
DA:1410,1
DA:1413,1
DA:1410,1
DA:1413,1
DA:1410,1
DA:1413,1
DA:1410,1
DA:1413,1
DA:1443,0
DA:1446,0
DA:1447,0
DA:1448,0
DA:1449,0
DA:1472,8
end_of_record
SF:C:\mingw64\winlibs-x86_64-posix-seh-gcc-15.2.0-mingw-w64ucrt-14.0.0-r7\mingw64\include\c++\15.2.0\bits\move.h
DA:53,16892
DA:73,20
DA:139,2440
DA:177,16892
end_of_record
SF:C:\mingw64\winlibs-x86_64-posix-seh-gcc-15.2.0-mingw-w64ucrt-14.0.0-r7\mingw64\include\c++\15.2.0\ext\string_conversions.h
FN:58,_ZN9__gnu_cxx6__stoaIlicJiEEET0_PFT_PKT1_PPS3_DpT2_EPKcS5_PyS9_
FNDA:17,_ZN9__gnu_cxx6__stoaIlicJiEEET0_PFT_PKT1_PPS3_DpT2_EPKcS5_PyS9_
FN:67,_ZZN9__gnu_cxx6__stoaIlicJiEEET0_PFT_PKT1_PPS3_DpT2_EPKcS5_PyS9_EN11_Save_errnoC1Ev
FNDA:17,_ZZN9__gnu_cxx6__stoaIlicJiEEET0_PFT_PKT1_PPS3_DpT2_EPKcS5_PyS9_EN11_Save_errnoC1Ev
FN:68,_ZZN9__gnu_cxx6__stoaIlicJiEEET0_PFT_PKT1_PPS3_DpT2_EPKcS5_PyS9_EN11_Save_errnoD1Ev
FNDA:17,_ZZN9__gnu_cxx6__stoaIlicJiEEET0_PFT_PKT1_PPS3_DpT2_EPKcS5_PyS9_EN11_Save_errnoD1Ev
FN:77,_ZZN9__gnu_cxx6__stoaIlicJiEEET0_PFT_PKT1_PPS3_DpT2_EPKcS5_PyS9_EN10_Range_chk6_S_chkElSt17integral_constantIbLb1EE
FNDA:17,_ZZN9__gnu_cxx6__stoaIlicJiEEET0_PFT_PKT1_PPS3_DpT2_EPKcS5_PyS9_EN10_Range_chk6_S_chkElSt17integral_constantIbLb1EE
DA:58,17
DA:67,17
DA:68,17
DA:70,17
DA:77,17
DA:80,17
DA:84,17
DA:86,17
DA:87,0
DA:88,17
DA:89,17
DA:90,0
DA:92,17
DA:94,17
DA:95,0
DA:97,17
DA:98,17
end_of_record
SF:C:\mingw64\winlibs-x86_64-posix-seh-gcc-15.2.0-mingw-w64ucrt-14.0.0-r7\mingw64\include\c++\15.2.0\bits\stl_algo.h
FN:1981,_ZSt13__upper_boundIN9__gnu_cxx17__normal_iteratorIPiSt6vectorIiSaIiEEEEiNS0_5__ops14_Val_less_iterEET_S9_S9_RKT0_T1_
FNDA:0,_ZSt13__upper_boundIN9__gnu_cxx17__normal_iteratorIPiSt6vectorIiSaIiEEEEiNS0_5__ops14_Val_less_iterEET_S9_S9_RKT0_T1_
FN:2020,_ZSt11upper_boundIN9__gnu_cxx17__normal_iteratorIPiSt6vectorIiSaIiEEEEiET_S7_S7_RKT0_
FNDA:0,_ZSt11upper_boundIN9__gnu_cxx17__normal_iteratorIPiSt6vectorIiSaIiEEEEiET_S7_S7_RKT0_
FN:3854,_ZSt4findIN9__gnu_cxx17__normal_iteratorIPKiSt6vectorIiSaIiEEEEiET_S8_S8_RKT0_
FNDA:13,_ZSt4findIN9__gnu_cxx17__normal_iteratorIPKiSt6vectorIiSaIiEEEEiET_S8_S8_RKT0_
DA:1981,0
DA:1987,0
DA:1989,0
DA:1991,0
DA:1992,0
DA:1994,0
DA:1995,0
DA:1998,0
DA:2000,0
DA:2003,0
DA:2020,0
DA:2029,0
DA:2030,0
DA:3854,13
DA:3895,13
DA:3896,13
end_of_record
SF:C:\mingw64\winlibs-x86_64-posix-seh-gcc-15.2.0-mingw-w64ucrt-14.0.0-r7\mingw64\include\c++\15.2.0\initializer_list
FN:71,_ZNKSt16initializer_listIiE4sizeEv
FNDA:11,_ZNKSt16initializer_listIiE4sizeEv
FN:75,_ZNKSt16initializer_listIiE5beginEv
FNDA:12,_ZNKSt16initializer_listIiE5beginEv
FN:79,_ZNKSt16initializer_listIiE3endEv
FNDA:6,_ZNKSt16initializer_listIiE3endEv
DA:71,11
DA:75,12
DA:79,6
end_of_record
SF:C:\DEV\TDD_TV_05\include\DevTuner.h
FN:12,_ZN8DevTunerC1ESt6vectorIiSaIiEE
FNDA:5,_ZN8DevTunerC1ESt6vectorIiSaIiEE
FN:15,_ZN8DevTuner6seekCHB5cxx11Ev
FNDA:0,_ZN8DevTuner6seekCHB5cxx11Ev
FN:21,_ZN8DevTuner5setCHERKNSt7__cxx1112basic_stringIcSt11char_traitsIcESaIcEEE
FNDA:9,_ZN8DevTuner5setCHERKNSt7__cxx1112basic_stringIcSt11char_traitsIcESaIcEEE
FN:27,_ZN8DevTuner12getCurrentCHB5cxx11Ev
FNDA:10,_ZN8DevTuner12getCurrentCHB5cxx11Ev
DA:12,5
DA:13,10
DA:15,0
DA:16,0
DA:17,0
DA:18,0
DA:19,0
DA:21,9
DA:22,9
DA:23,9
DA:24,0
DA:25,9
DA:26,9
DA:27,10
end_of_record
SF:C:\DEV\TDD_TV_05\build\_deps\googletest-src\googletest\include\gtest\internal\gtest-internal.h
FN:418,_ZN7testing8internal9GetTypeIdI14ControllerTestEEPKvv
FNDA:35,_ZN7testing8internal9GetTypeIdI14ControllerTestEEPKvv
FN:437,_ZN7testing8internal15TestFactoryBaseD2Ev
FNDA:0,_ZN7testing8internal15TestFactoryBaseD2Ev
FN:444,_ZN7testing8internal15TestFactoryBaseC2Ev
FNDA:35,_ZN7testing8internal15TestFactoryBaseC2Ev
FN:456,_ZN7testing8internal15TestFactoryImplI39ControllerTest_PressNumber1Confirm_TestE10CreateTestEv
FNDA:1,_ZN7testing8internal15TestFactoryImplI39ControllerTest_PressNumber1Confirm_TestE10CreateTestEv
FN:456,_ZN7testing8internal15TestFactoryImplI39ControllerTest_PressNumber2Confirm_TestE10CreateTestEv
FNDA:1,_ZN7testing8internal15TestFactoryImplI39ControllerTest_PressNumber2Confirm_TestE10CreateTestEv
FN:456,_ZN7testing8internal15TestFactoryImplI38ControllerTest_FavoriteChannelAdd_TestE10CreateTestEv
FNDA:1,_ZN7testing8internal15TestFactoryImplI38ControllerTest_FavoriteChannelAdd_TestE10CreateTestEv
FN:456,_ZN7testing8internal15TestFactoryImplI41ControllerTest_FavoriteChannelRemove_TestE10CreateTestEv
FNDA:1,_ZN7testing8internal15TestFactoryImplI41ControllerTest_FavoriteChannelRemove_TestE10CreateTestEv
FN:456,_ZN7testing8internal15TestFactoryImplI42ControllerTest_FavoriteToggleScenario_TestE10CreateTestEv
FNDA:1,_ZN7testing8internal15TestFactoryImplI42ControllerTest_FavoriteToggleScenario_TestE10CreateTestEv
FN:477,_ZN7testing8internal12CodeLocationC1ENSt7__cxx1112basic_stringIcSt11char_traitsIcESaIcEEEi
FNDA:35,_ZN7testing8internal12CodeLocationC1ENSt7__cxx1112basic_stringIcSt11char_traitsIcESaIcEEEi
FN:490,_ZN7testing8internal19GetNotDefaultOrNullEPFvvES2_
FNDA:140,_ZN7testing8internal19GetNotDefaultOrNullEPFvvES2_
FN:505,_ZN7testing8internal16SuiteApiResolverI14ControllerTestE19GetSetUpCaseOrSuiteEPKci
FNDA:35,_ZN7testing8internal16SuiteApiResolverI14ControllerTestE19GetSetUpCaseOrSuiteEPKci
FN:526,_ZN7testing8internal16SuiteApiResolverI14ControllerTestE22GetTearDownCaseOrSuiteEPKci
FNDA:35,_ZN7testing8internal16SuiteApiResolverI14ControllerTestE22GetTearDownCaseOrSuiteEPKci
DA:418,35
DA:423,35
DA:437,0
DA:444,35
DA:456,2
DA:456,2
DA:456,2
DA:456,2
DA:456,2
DA:477,35
DA:478,70
DA:490,140
DA:492,140
DA:505,35
DA:509,35
DA:511,35
DA:513,35
DA:516,0
DA:518,35
DA:526,35
DA:530,35
DA:532,35
DA:534,35
DA:537,0
DA:539,35
end_of_record
SF:C:\mingw64\winlibs-x86_64-posix-seh-gcc-15.2.0-mingw-w64ucrt-14.0.0-r7\mingw64\include\c++\15.2.0\bits\alloc_traits.h
DA:614,708
DA:649,826
DA:712,31834
DA:726,35
DA:1045,20
DA:1046,20
end_of_record
SF:C:\mingw64\winlibs-x86_64-posix-seh-gcc-15.2.0-mingw-w64ucrt-14.0.0-r7\mingw64\include\c++\15.2.0\bits\allocator.h
DA:168,515
DA:173,2182
DA:189,536
end_of_record
SF:C:\mingw64\winlibs-x86_64-posix-seh-gcc-15.2.0-mingw-w64ucrt-14.0.0-r7\mingw64\include\c++\15.2.0\tuple
FN:93,_ZNSt10_Head_baseILy1ESt14default_deleteI12TVControllerELb1EEC2Ev
FNDA:10,_ZNSt10_Head_baseILy1ESt14default_deleteI12TVControllerELb1EEC2Ev
FN:93,_ZNSt10_Head_baseILy1ESt14default_deleteI8DevTunerELb1EEC2Ev
FNDA:10,_ZNSt10_Head_baseILy1ESt14default_deleteI8DevTunerELb1EEC2Ev
FN:93,_ZNSt10_Head_baseILy1ESt14default_deleteINSt7__cxx1112basic_stringIcSt11char_traitsIcESaIcEEEELb1EEC2Ev
FNDA:8,_ZNSt10_Head_baseILy1ESt14default_deleteINSt7__cxx1112basic_stringIcSt11char_traitsIcESaIcEEEELb1EEC2Ev
FN:137,_ZNSt10_Head_baseILy1ESt14default_deleteINSt7__cxx1118basic_stringstreamIcSt11char_traitsIcESaIcEEEELb1EE7_M_headERS8_
FNDA:424,_ZNSt10_Head_baseILy1ESt14default_deleteINSt7__cxx1118basic_stringstreamIcSt11char_traitsIcESaIcEEEELb1EE7_M_headERS8_
FN:137,_ZNSt10_Head_baseILy1ESt14default_deleteINSt7__cxx1112basic_stringIcSt11char_traitsIcESaIcEEEELb1EE7_M_headERS8_
FNDA:0,_ZNSt10_Head_baseILy1ESt14default_deleteINSt7__cxx1112basic_stringIcSt11char_traitsIcESaIcEEEELb1EE7_M_headERS8_
FN:137,_ZNSt10_Head_baseILy1ESt14default_deleteI12TVControllerELb1EE7_M_headERS3_
FNDA:15,_ZNSt10_Head_baseILy1ESt14default_deleteI12TVControllerELb1EE7_M_headERS3_
FN:137,_ZNSt10_Head_baseILy1ESt14default_deleteI8DevTunerELb1EE7_M_headERS3_
FNDA:15,_ZNSt10_Head_baseILy1ESt14default_deleteI8DevTunerELb1EE7_M_headERS3_
FN:202,_ZNSt10_Head_baseILy0EPNSt7__cxx1112basic_stringIcSt11char_traitsIcESaIcEEELb0EEC2Ev
FNDA:8,_ZNSt10_Head_baseILy0EPNSt7__cxx1112basic_stringIcSt11char_traitsIcESaIcEEELb0EEC2Ev
FN:202,_ZNSt10_Head_baseILy0EP8DevTunerLb0EEC2Ev
FNDA:10,_ZNSt10_Head_baseILy0EP8DevTunerLb0EEC2Ev
FN:202,_ZNSt10_Head_baseILy0EP12TVControllerLb0EEC2Ev
FNDA:10,_ZNSt10_Head_baseILy0EP12TVControllerLb0EEC2Ev
FN:246,_ZNSt10_Head_baseILy0EP8DevTunerLb0EE7_M_headERS2_
FNDA:35,_ZNSt10_Head_baseILy0EP8DevTunerLb0EE7_M_headERS2_
FN:246,_ZNSt10_Head_baseILy0EPNSt7__cxx1118basic_stringstreamIcSt11char_traitsIcESaIcEEELb0EE7_M_headERS7_
FNDA:848,_ZNSt10_Head_baseILy0EPNSt7__cxx1118basic_stringstreamIcSt11char_traitsIcESaIcEEELb0EE7_M_headERS7_
FN:246,_ZNSt10_Head_baseILy0EPNSt7__cxx1112basic_stringIcSt11char_traitsIcESaIcEEELb0EE7_M_headERS7_
FNDA:8,_ZNSt10_Head_baseILy0EPNSt7__cxx1112basic_stringIcSt11char_traitsIcESaIcEEELb0EE7_M_headERS7_
FN:246,_ZNSt10_Head_baseILy0EP12TVControllerLb0EE7_M_headERS2_
FNDA:35,_ZNSt10_Head_baseILy0EP12TVControllerLb0EE7_M_headERS2_
FN:249,_ZNSt10_Head_baseILy0EP12TVControllerLb0EE7_M_headERKS2_
FNDA:15,_ZNSt10_Head_baseILy0EP12TVControllerLb0EE7_M_headERKS2_
FN:249,_ZNSt10_Head_baseILy0EP8DevTunerLb0EE7_M_headERKS2_
FNDA:19,_ZNSt10_Head_baseILy0EP8DevTunerLb0EE7_M_headERKS2_
FN:249,_ZNSt10_Head_baseILy0EPNSt7__cxx1118basic_stringstreamIcSt11char_traitsIcESaIcEEELb0EE7_M_headERKS7_
FNDA:9242,_ZNSt10_Head_baseILy0EPNSt7__cxx1118basic_stringstreamIcSt11char_traitsIcESaIcEEELb0EE7_M_headERKS7_
FN:249,_ZNSt10_Head_baseILy0EPNSt7__cxx1112basic_stringIcSt11char_traitsIcESaIcEEELb0EE7_M_headERKS7_
FNDA:0,_ZNSt10_Head_baseILy0EPNSt7__cxx1112basic_stringIcSt11char_traitsIcESaIcEEELb0EE7_M_headERKS7_
FN:291,_ZNSt11_Tuple_implILy0EJPNSt7__cxx1118basic_stringstreamIcSt11char_traitsIcESaIcEEESt14default_deleteIS5_EEE7_M_headERS9_
FNDA:848,_ZNSt11_Tuple_implILy0EJPNSt7__cxx1118basic_stringstreamIcSt11char_traitsIcESaIcEEESt14default_deleteIS5_EEE7_M_headERS9_
FN:291,_ZNSt11_Tuple_implILy0EJP12TVControllerSt14default_deleteIS0_EEE7_M_headERS4_
FNDA:35,_ZNSt11_Tuple_implILy0EJP12TVControllerSt14default_deleteIS0_EEE7_M_headERS4_
FN:291,_ZNSt11_Tuple_implILy0EJP8DevTunerSt14default_deleteIS0_EEE7_M_headERS4_
FNDA:35,_ZNSt11_Tuple_implILy0EJP8DevTunerSt14default_deleteIS0_EEE7_M_headERS4_
FN:291,_ZNSt11_Tuple_implILy0EJPNSt7__cxx1112basic_stringIcSt11char_traitsIcESaIcEEESt14default_deleteIS5_EEE7_M_headERS9_
FNDA:8,_ZNSt11_Tuple_implILy0EJPNSt7__cxx1112basic_stringIcSt11char_traitsIcESaIcEEESt14default_deleteIS5_EEE7_M_headERS9_
FN:294,_ZNSt11_Tuple_implILy0EJPNSt7__cxx1112basic_stringIcSt11char_traitsIcESaIcEEESt14default_deleteIS5_EEE7_M_headERKS9_
FNDA:0,_ZNSt11_Tuple_implILy0EJPNSt7__cxx1112basic_stringIcSt11char_traitsIcESaIcEEESt14default_deleteIS5_EEE7_M_headERKS9_
FN:294,_ZNSt11_Tuple_implILy0EJPNSt7__cxx1118basic_stringstreamIcSt11char_traitsIcESaIcEEESt14default_deleteIS5_EEE7_M_headERKS9_
FNDA:9242,_ZNSt11_Tuple_implILy0EJPNSt7__cxx1118basic_stringstreamIcSt11char_traitsIcESaIcEEESt14default_deleteIS5_EEE7_M_headERKS9_
FN:294,_ZNSt11_Tuple_implILy0EJP12TVControllerSt14default_deleteIS0_EEE7_M_headERKS4_
FNDA:15,_ZNSt11_Tuple_implILy0EJP12TVControllerSt14default_deleteIS0_EEE7_M_headERKS4_
FN:294,_ZNSt11_Tuple_implILy0EJP8DevTunerSt14default_deleteIS0_EEE7_M_headERKS4_
FNDA:19,_ZNSt11_Tuple_implILy0EJP8DevTunerSt14default_deleteIS0_EEE7_M_headERKS4_
FN:302,_ZNSt11_Tuple_implILy0EJP8DevTunerSt14default_deleteIS0_EEEC2Ev
FNDA:10,_ZNSt11_Tuple_implILy0EJP8DevTunerSt14default_deleteIS0_EEEC2Ev
FN:302,_ZNSt11_Tuple_implILy0EJPNSt7__cxx1112basic_stringIcSt11char_traitsIcESaIcEEESt14default_deleteIS5_EEEC2Ev
FNDA:8,_ZNSt11_Tuple_implILy0EJPNSt7__cxx1112basic_stringIcSt11char_traitsIcESaIcEEESt14default_deleteIS5_EEEC2Ev
FN:302,_ZNSt11_Tuple_implILy0EJP12TVControllerSt14default_deleteIS0_EEEC2Ev
FNDA:10,_ZNSt11_Tuple_implILy0EJP12TVControllerSt14default_deleteIS0_EEEC2Ev
FN:554,_ZNSt11_Tuple_implILy1EJSt14default_deleteINSt7__cxx1112basic_stringIcSt11char_traitsIcESaIcEEEEEE7_M_headERS8_
FNDA:0,_ZNSt11_Tuple_implILy1EJSt14default_deleteINSt7__cxx1112basic_stringIcSt11char_traitsIcESaIcEEEEEE7_M_headERS8_
FN:554,_ZNSt11_Tuple_implILy1EJSt14default_deleteI8DevTunerEEE7_M_headERS3_
FNDA:15,_ZNSt11_Tuple_implILy1EJSt14default_deleteI8DevTunerEEE7_M_headERS3_
FN:554,_ZNSt11_Tuple_implILy1EJSt14default_deleteI12TVControllerEEE7_M_headERS3_
FNDA:15,_ZNSt11_Tuple_implILy1EJSt14default_deleteI12TVControllerEEE7_M_headERS3_
FN:554,_ZNSt11_Tuple_implILy1EJSt14default_deleteINSt7__cxx1118basic_stringstreamIcSt11char_traitsIcESaIcEEEEEE7_M_headERS8_
FNDA:424,_ZNSt11_Tuple_implILy1EJSt14default_deleteINSt7__cxx1118basic_stringstreamIcSt11char_traitsIcESaIcEEEEEE7_M_headERS8_
FN:560,_ZNSt11_Tuple_implILy1EJSt14default_deleteINSt7__cxx1112basic_stringIcSt11char_traitsIcESaIcEEEEEEC2Ev
FNDA:8,_ZNSt11_Tuple_implILy1EJSt14default_deleteINSt7__cxx1112basic_stringIcSt11char_traitsIcESaIcEEEEEEC2Ev
FN:560,_ZNSt11_Tuple_implILy1EJSt14default_deleteI8DevTunerEEEC2Ev
FNDA:10,_ZNSt11_Tuple_implILy1EJSt14default_deleteI8DevTunerEEEC2Ev
FN:560,_ZNSt11_Tuple_implILy1EJSt14default_deleteI12TVControllerEEEC2Ev
FNDA:10,_ZNSt11_Tuple_implILy1EJSt14default_deleteI12TVControllerEEEC2Ev
FN:2090,_ZNSt5tupleIJPNSt7__cxx1112basic_stringIcSt11char_traitsIcESaIcEEESt14default_deleteIS5_EEEC1ILb1ELb1EEEv
FNDA:8,_ZNSt5tupleIJPNSt7__cxx1112basic_stringIcSt11char_traitsIcESaIcEEESt14default_deleteIS5_EEEC1ILb1ELb1EEEv
FN:2090,_ZNSt5tupleIJP8DevTunerSt14default_deleteIS0_EEEC1ILb1ELb1EEEv
FNDA:10,_ZNSt5tupleIJP8DevTunerSt14default_deleteIS0_EEEC1ILb1ELb1EEEv
FN:2090,_ZNSt5tupleIJP12TVControllerSt14default_deleteIS0_EEEC1ILb1ELb1EEEv
FNDA:10,_ZNSt5tupleIJP12TVControllerSt14default_deleteIS0_EEEC1ILb1ELb1EEEv
FN:2428,_ZSt12__get_helperILy0EP8DevTunerJSt14default_deleteIS0_EEERT0_RSt11_Tuple_implIXT_EJS4_DpT1_EE
FNDA:35,_ZSt12__get_helperILy0EP8DevTunerJSt14default_deleteIS0_EEERT0_RSt11_Tuple_implIXT_EJS4_DpT1_EE
FN:2428,_ZSt12__get_helperILy0EPNSt7__cxx1118basic_stringstreamIcSt11char_traitsIcESaIcEEEJSt14default_deleteIS5_EEERT0_RSt11_Tuple_implIXT_EJS9_DpT1_EE
FNDA:848,_ZSt12__get_helperILy0EPNSt7__cxx1118basic_stringstreamIcSt11char_traitsIcESaIcEEEJSt14default_deleteIS5_EEERT0_RSt11_Tuple_implIXT_EJS9_DpT1_EE
FN:2428,_ZSt12__get_helperILy0EPNSt7__cxx1112basic_stringIcSt11char_traitsIcESaIcEEEJSt14default_deleteIS5_EEERT0_RSt11_Tuple_implIXT_EJS9_DpT1_EE
FNDA:8,_ZSt12__get_helperILy0EPNSt7__cxx1112basic_stringIcSt11char_traitsIcESaIcEEEJSt14default_deleteIS5_EEERT0_RSt11_Tuple_implIXT_EJS9_DpT1_EE
FN:2428,_ZSt12__get_helperILy1ESt14default_deleteINSt7__cxx1112basic_stringIcSt11char_traitsIcESaIcEEEEJEERT0_RSt11_Tuple_implIXT_EJS8_DpT1_EE
FNDA:0,_ZSt12__get_helperILy1ESt14default_deleteINSt7__cxx1112basic_stringIcSt11char_traitsIcESaIcEEEEJEERT0_RSt11_Tuple_implIXT_EJS8_DpT1_EE
FN:2428,_ZSt12__get_helperILy1ESt14default_deleteI8DevTunerEJEERT0_RSt11_Tuple_implIXT_EJS3_DpT1_EE
FNDA:15,_ZSt12__get_helperILy1ESt14default_deleteI8DevTunerEJEERT0_RSt11_Tuple_implIXT_EJS3_DpT1_EE
FN:2428,_ZSt12__get_helperILy1ESt14default_deleteI12TVControllerEJEERT0_RSt11_Tuple_implIXT_EJS3_DpT1_EE
FNDA:15,_ZSt12__get_helperILy1ESt14default_deleteI12TVControllerEJEERT0_RSt11_Tuple_implIXT_EJS3_DpT1_EE
FN:2428,_ZSt12__get_helperILy1ESt14default_deleteINSt7__cxx1118basic_stringstreamIcSt11char_traitsIcESaIcEEEEJEERT0_RSt11_Tuple_implIXT_EJS8_DpT1_EE
FNDA:424,_ZSt12__get_helperILy1ESt14default_deleteINSt7__cxx1118basic_stringstreamIcSt11char_traitsIcESaIcEEEEJEERT0_RSt11_Tuple_implIXT_EJS8_DpT1_EE
FN:2428,_ZSt12__get_helperILy0EP12TVControllerJSt14default_deleteIS0_EEERT0_RSt11_Tuple_implIXT_EJS4_DpT1_EE
FNDA:35,_ZSt12__get_helperILy0EP12TVControllerJSt14default_deleteIS0_EEERT0_RSt11_Tuple_implIXT_EJS4_DpT1_EE
FN:2433,_ZSt12__get_helperILy0EP8DevTunerJSt14default_deleteIS0_EEERKT0_RKSt11_Tuple_implIXT_EJS4_DpT1_EE
FNDA:19,_ZSt12__get_helperILy0EP8DevTunerJSt14default_deleteIS0_EEERKT0_RKSt11_Tuple_implIXT_EJS4_DpT1_EE
FN:2433,_ZSt12__get_helperILy0EPNSt7__cxx1118basic_stringstreamIcSt11char_traitsIcESaIcEEEJSt14default_deleteIS5_EEERKT0_RKSt11_Tuple_implIXT_EJS9_DpT1_EE
FNDA:9242,_ZSt12__get_helperILy0EPNSt7__cxx1118basic_stringstreamIcSt11char_traitsIcESaIcEEEJSt14default_deleteIS5_EEERKT0_RKSt11_Tuple_implIXT_EJS9_DpT1_EE
FN:2433,_ZSt12__get_helperILy0EPNSt7__cxx1112basic_stringIcSt11char_traitsIcESaIcEEEJSt14default_deleteIS5_EEERKT0_RKSt11_Tuple_implIXT_EJS9_DpT1_EE
FNDA:0,_ZSt12__get_helperILy0EPNSt7__cxx1112basic_stringIcSt11char_traitsIcESaIcEEEJSt14default_deleteIS5_EEERKT0_RKSt11_Tuple_implIXT_EJS9_DpT1_EE
FN:2433,_ZSt12__get_helperILy0EP12TVControllerJSt14default_deleteIS0_EEERKT0_RKSt11_Tuple_implIXT_EJS4_DpT1_EE
FNDA:15,_ZSt12__get_helperILy0EP12TVControllerJSt14default_deleteIS0_EEERKT0_RKSt11_Tuple_implIXT_EJS4_DpT1_EE
FN:2444,_ZSt3getILy0EJPNSt7__cxx1118basic_stringstreamIcSt11char_traitsIcESaIcEEESt14default_deleteIS5_EEERNSt13tuple_elementIXT_ESt5tupleIJDpT0_EEE4typeERSD_
FNDA:848,_ZSt3getILy0EJPNSt7__cxx1118basic_stringstreamIcSt11char_traitsIcESaIcEEESt14default_deleteIS5_EEERNSt13tuple_elementIXT_ESt5tupleIJDpT0_EEE4typeERSD_
FN:2444,_ZSt3getILy0EJPNSt7__cxx1112basic_stringIcSt11char_traitsIcESaIcEEESt14default_deleteIS5_EEERNSt13tuple_elementIXT_ESt5tupleIJDpT0_EEE4typeERSD_
FNDA:8,_ZSt3getILy0EJPNSt7__cxx1112basic_stringIcSt11char_traitsIcESaIcEEESt14default_deleteIS5_EEERNSt13tuple_elementIXT_ESt5tupleIJDpT0_EEE4typeERSD_
FN:2444,_ZSt3getILy1EJPNSt7__cxx1112basic_stringIcSt11char_traitsIcESaIcEEESt14default_deleteIS5_EEERNSt13tuple_elementIXT_ESt5tupleIJDpT0_EEE4typeERSD_
FNDA:0,_ZSt3getILy1EJPNSt7__cxx1112basic_stringIcSt11char_traitsIcESaIcEEESt14default_deleteIS5_EEERNSt13tuple_elementIXT_ESt5tupleIJDpT0_EEE4typeERSD_
FN:2444,_ZSt3getILy1EJPNSt7__cxx1118basic_stringstreamIcSt11char_traitsIcESaIcEEESt14default_deleteIS5_EEERNSt13tuple_elementIXT_ESt5tupleIJDpT0_EEE4typeERSD_
FNDA:424,_ZSt3getILy1EJPNSt7__cxx1118basic_stringstreamIcSt11char_traitsIcESaIcEEESt14default_deleteIS5_EEERNSt13tuple_elementIXT_ESt5tupleIJDpT0_EEE4typeERSD_
FN:2444,_ZSt3getILy1EJP12TVControllerSt14default_deleteIS0_EEERNSt13tuple_elementIXT_ESt5tupleIJDpT0_EEE4typeERS8_
FNDA:15,_ZSt3getILy1EJP12TVControllerSt14default_deleteIS0_EEERNSt13tuple_elementIXT_ESt5tupleIJDpT0_EEE4typeERS8_
FN:2444,_ZSt3getILy0EJP12TVControllerSt14default_deleteIS0_EEERNSt13tuple_elementIXT_ESt5tupleIJDpT0_EEE4typeERS8_
FNDA:35,_ZSt3getILy0EJP12TVControllerSt14default_deleteIS0_EEERNSt13tuple_elementIXT_ESt5tupleIJDpT0_EEE4typeERS8_
FN:2444,_ZSt3getILy1EJP8DevTunerSt14default_deleteIS0_EEERNSt13tuple_elementIXT_ESt5tupleIJDpT0_EEE4typeERS8_
FNDA:15,_ZSt3getILy1EJP8DevTunerSt14default_deleteIS0_EEERNSt13tuple_elementIXT_ESt5tupleIJDpT0_EEE4typeERS8_
FN:2444,_ZSt3getILy0EJP8DevTunerSt14default_deleteIS0_EEERNSt13tuple_elementIXT_ESt5tupleIJDpT0_EEE4typeERS8_
FNDA:35,_ZSt3getILy0EJP8DevTunerSt14default_deleteIS0_EEERNSt13tuple_elementIXT_ESt5tupleIJDpT0_EEE4typeERS8_
FN:2450,_ZSt3getILy0EJPNSt7__cxx1118basic_stringstreamIcSt11char_traitsIcESaIcEEESt14default_deleteIS5_EEERKNSt13tuple_elementIXT_ESt5tupleIJDpT0_EEE4typeERKSD_
FNDA:9242,_ZSt3getILy0EJPNSt7__cxx1118basic_stringstreamIcSt11char_traitsIcESaIcEEESt14default_deleteIS5_EEERKNSt13tuple_elementIXT_ESt5tupleIJDpT0_EEE4typeERKSD_
FN:2450,_ZSt3getILy0EJPNSt7__cxx1112basic_stringIcSt11char_traitsIcESaIcEEESt14default_deleteIS5_EEERKNSt13tuple_elementIXT_ESt5tupleIJDpT0_EEE4typeERKSD_
FNDA:0,_ZSt3getILy0EJPNSt7__cxx1112basic_stringIcSt11char_traitsIcESaIcEEESt14default_deleteIS5_EEERKNSt13tuple_elementIXT_ESt5tupleIJDpT0_EEE4typeERKSD_
FN:2450,_ZSt3getILy0EJP12TVControllerSt14default_deleteIS0_EEERKNSt13tuple_elementIXT_ESt5tupleIJDpT0_EEE4typeERKS8_
FNDA:15,_ZSt3getILy0EJP12TVControllerSt14default_deleteIS0_EEERKNSt13tuple_elementIXT_ESt5tupleIJDpT0_EEE4typeERKS8_
FN:2450,_ZSt3getILy0EJP8DevTunerSt14default_deleteIS0_EEERKNSt13tuple_elementIXT_ESt5tupleIJDpT0_EEE4typeERKS8_
FNDA:19,_ZSt3getILy0EJP8DevTunerSt14default_deleteIS0_EEERKNSt13tuple_elementIXT_ESt5tupleIJDpT0_EEE4typeERKS8_
DA:93,10
DA:94,10
DA:93,10
DA:94,10
DA:93,8
DA:94,8
DA:137,424
DA:137,15
DA:137,15
DA:137,0
DA:202,10
DA:203,10
DA:202,10
DA:203,10
DA:202,8
DA:203,8
DA:246,35
DA:246,35
DA:246,8
DA:246,848
DA:249,15
DA:249,19
DA:249,0
DA:249,9242
DA:291,35
DA:291,35
DA:291,8
DA:291,848
DA:294,15
DA:294,19
DA:294,0
DA:294,9242
DA:302,10
DA:303,10
DA:302,10
DA:303,10
DA:302,8
DA:303,8
DA:554,424
DA:554,15
DA:554,15
DA:554,0
DA:560,10
DA:561,10
DA:560,10
DA:561,10
DA:560,8
DA:561,8
DA:2090,10
DA:2092,10
DA:2090,10
DA:2092,10
DA:2090,8
DA:2092,8
DA:2428,424
DA:2429,424
DA:2428,15
DA:2429,15
DA:2428,35
DA:2429,35
DA:2428,15
DA:2429,15
DA:2428,35
DA:2429,35
DA:2428,0
DA:2429,0
DA:2428,8
DA:2429,8
DA:2428,848
DA:2429,848
DA:2433,15
DA:2434,15
DA:2433,19
DA:2434,19
DA:2433,0
DA:2434,0
DA:2433,9242
DA:2434,9242
DA:2444,424
DA:2445,424
DA:2444,15
DA:2445,15
DA:2444,35
DA:2445,35
DA:2444,15
DA:2445,15
DA:2444,35
DA:2445,35
DA:2444,0
DA:2445,0
DA:2444,8
DA:2445,8
DA:2444,848
DA:2445,848
DA:2450,15
DA:2451,15
DA:2450,19
DA:2451,19
DA:2450,0
DA:2451,0
DA:2450,9242
DA:2451,9242
end_of_record
SF:C:\DEV\TDD_TV_05\test\TVControllerTest.cpp
FN:9,_ZN14ControllerTest5SetUpEv
FNDA:5,_ZN14ControllerTest5SetUpEv
FN:16,_ZN39ControllerTest_PressNumber1Confirm_TestC1Ev
FNDA:1,_ZN39ControllerTest_PressNumber1Confirm_TestC1Ev
FN:16,_ZN39ControllerTest_PressNumber1Confirm_Test8TestBodyEv
FNDA:1,_ZN39ControllerTest_PressNumber1Confirm_Test8TestBodyEv
FN:16,_ZN39ControllerTest_PressNumber1Confirm_TestD0Ev
FNDA:1,_ZN39ControllerTest_PressNumber1Confirm_TestD0Ev
FN:16,_ZN39ControllerTest_PressNumber1Confirm_TestD1Ev
FNDA:1,_ZN39ControllerTest_PressNumber1Confirm_TestD1Ev
FN:23,_ZN39ControllerTest_PressNumber2Confirm_TestC1Ev
FNDA:1,_ZN39ControllerTest_PressNumber2Confirm_TestC1Ev
FN:23,_ZN39ControllerTest_PressNumber2Confirm_Test8TestBodyEv
FNDA:1,_ZN39ControllerTest_PressNumber2Confirm_Test8TestBodyEv
FN:23,_ZN39ControllerTest_PressNumber2Confirm_TestD1Ev
FNDA:1,_ZN39ControllerTest_PressNumber2Confirm_TestD1Ev
FN:23,_ZN39ControllerTest_PressNumber2Confirm_TestD0Ev
FNDA:1,_ZN39ControllerTest_PressNumber2Confirm_TestD0Ev
FN:30,_ZN38ControllerTest_FavoriteChannelAdd_TestD0Ev
FNDA:1,_ZN38ControllerTest_FavoriteChannelAdd_TestD0Ev
FN:30,_ZN38ControllerTest_FavoriteChannelAdd_TestD1Ev
FNDA:1,_ZN38ControllerTest_FavoriteChannelAdd_TestD1Ev
FN:30,_ZN38ControllerTest_FavoriteChannelAdd_Test8TestBodyEv
FNDA:1,_ZN38ControllerTest_FavoriteChannelAdd_Test8TestBodyEv
FN:30,_ZN38ControllerTest_FavoriteChannelAdd_TestC1Ev
FNDA:1,_ZN38ControllerTest_FavoriteChannelAdd_TestC1Ev
FN:38,_ZN41ControllerTest_FavoriteChannelRemove_TestD0Ev
FNDA:1,_ZN41ControllerTest_FavoriteChannelRemove_TestD0Ev
FN:38,_ZN41ControllerTest_FavoriteChannelRemove_TestD1Ev
FNDA:1,_ZN41ControllerTest_FavoriteChannelRemove_TestD1Ev
FN:38,_ZN41ControllerTest_FavoriteChannelRemove_Test8TestBodyEv
FNDA:1,_ZN41ControllerTest_FavoriteChannelRemove_Test8TestBodyEv
FN:38,_ZN41ControllerTest_FavoriteChannelRemove_TestC1Ev
FNDA:1,_ZN41ControllerTest_FavoriteChannelRemove_TestC1Ev
FN:47,_ZN42ControllerTest_FavoriteToggleScenario_TestD0Ev
FNDA:1,_ZN42ControllerTest_FavoriteToggleScenario_TestD0Ev
FN:47,_ZN42ControllerTest_FavoriteToggleScenario_TestD1Ev
FNDA:1,_ZN42ControllerTest_FavoriteToggleScenario_TestD1Ev
FN:47,_ZN42ControllerTest_FavoriteToggleScenario_Test8TestBodyEv
FNDA:1,_ZN42ControllerTest_FavoriteToggleScenario_Test8TestBodyEv
FN:47,_ZN42ControllerTest_FavoriteToggleScenario_TestC1Ev
FNDA:1,_ZN42ControllerTest_FavoriteToggleScenario_TestC1Ev
DA:9,5
DA:10,10
DA:11,5
DA:12,5
DA:16,1
DA:16,1
DA:16,1
DA:16,1
DA:17,1
DA:18,1
DA:19,1
DA:20,1
DA:23,1
DA:23,1
DA:23,1
DA:23,1
DA:24,1
DA:25,1
DA:26,1
DA:27,1
DA:30,1
DA:30,1
DA:30,1
DA:30,1
DA:31,2
DA:32,1
DA:33,1
DA:34,1
DA:35,1
DA:38,1
DA:38,1
DA:38,1
DA:38,1
DA:39,2
DA:40,1
DA:41,1
DA:42,1
DA:43,1
DA:44,1
DA:47,1
DA:47,1
DA:47,1
DA:47,1
DA:48,6
DA:49,5
DA:50,5
DA:52,1
DA:54,1
DA:55,1
DA:56,1
DA:57,1
DA:58,1
end_of_record
